<?xml version="1.0" encoding="UTF-8" standalone="no"?>
<!DOCTYPE log SYSTEM "logger.dtd">
<log>
<record>
  <date>2016-12-21T23:38:54</date>
  <millis>1482381534505</millis>
  <sequence>0</sequence>
  <logger>wordgame.gui.WordGameGUI</logger>
  <level>INFO</level>
  <class>wordgame.gui.WordGameGUI</class>
  <method>&lt;init&gt;</method>
  <thread>14</thread>
  <message>starting training data</message>
</record>
<record>
  <date>2016-12-21T23:39:14</date>
  <millis>1482381554747</millis>
  <sequence>1</sequence>
  <logger>wordgame.gui.WordGameGUI</logger>
  <level>INFO</level>
  <class>wordgame.gui.WordGameGUI</class>
  <method>startButtonActionPerformed</method>
  <thread>14</thread>
  <message>new word from training data</message>
</record>
<record>
  <date>2016-12-21T23:40:26</date>
  <millis>1482381626570</millis>
  <sequence>2</sequence>
  <logger>wordgame.gui.WordGameGUI</logger>
  <level>INFO</level>
  <class>wordgame.gui.WordGameGUI</class>
  <method>skipButtonActionPerformed</method>
  <thread>14</thread>
  <message>skipped a word in training data and was right</message>
</record>
<record>
  <date>2016-12-21T23:40:26</date>
  <millis>1482381626571</millis>
  <sequence>3</sequence>
  <logger>wordgame.gui.WordGameGUI</logger>
  <level>INFO</level>
  <class>wordgame.gui.WordGameGUI</class>
  <method>skipButtonActionPerformed</method>
  <thread>14</thread>
  <message>new word from training data</message>
</record>
<record>
  <date>2016-12-21T23:40:35</date>
  <millis>1482381635111</millis>
  <sequence>4</sequence>
  <logger>wordgame.gui.WordGameGUI</logger>
  <level>INFO</level>
  <class>wordgame.gui.WordGameGUI</class>
  <method>buttonActionPerformed</method>
  <thread>14</thread>
  <message>guessed a word and was wrong</message>
</record>
<record>
  <date>2016-12-21T23:40:42</date>
  <millis>1482381642961</millis>
  <sequence>5</sequence>
  <logger>wordgame.gui.WordGameGUI</logger>
  <level>INFO</level>
  <class>wordgame.gui.WordGameGUI</class>
  <method>buttonActionPerformed</method>
  <thread>14</thread>
  <message>guessed a word and was wrong</message>
</record>
<record>
  <date>2016-12-21T23:40:51</date>
  <millis>1482381651517</millis>
  <sequence>6</sequence>
  <logger>wordgame.gui.WordGameGUI</logger>
  <level>INFO</level>
  <class>wordgame.gui.WordGameGUI</class>
  <method>buttonActionPerformed</method>
  <thread>14</thread>
  <message>guessed a word and was wrong</message>
</record>
<record>
  <date>2016-12-21T23:41:01</date>
  <millis>1482381661045</millis>
  <sequence>7</sequence>
  <logger>wordgame.gui.WordGameGUI</logger>
  <level>INFO</level>
  <class>wordgame.gui.WordGameGUI</class>
  <method>buttonActionPerformed</method>
  <thread>14</thread>
  <message>guessed a word and was wrong</message>
</record>
<record>
  <date>2016-12-21T23:41:13</date>
  <millis>1482381673109</millis>
  <sequence>8</sequence>
  <logger>wordgame.gui.WordGameGUI</logger>
  <level>INFO</level>
  <class>wordgame.gui.WordGameGUI</class>
  <method>buttonActionPerformed</method>
  <thread>14</thread>
  <message>guessed a word and was wrong</message>
</record>
<record>
  <date>2016-12-21T23:41:30</date>
  <millis>1482381690030</millis>
  <sequence>9</sequence>
  <logger>wordgame.gui.WordGameGUI</logger>
  <level>INFO</level>
  <class>wordgame.gui.WordGameGUI</class>
  <method>skipButtonActionPerformed</method>
  <thread>14</thread>
  <message>skipped a word in training data and was wrong</message>
</record>
<record>
  <date>2016-12-21T23:41:30</date>
  <millis>1482381690031</millis>
  <sequence>10</sequence>
  <logger>wordgame.gui.WordGameGUI</logger>
  <level>INFO</level>
  <class>wordgame.gui.WordGameGUI</class>
  <method>skipButtonActionPerformed</method>
  <thread>14</thread>
  <message>new word from training data</message>
</record>
<record>
  <date>2016-12-21T23:41:43</date>
  <millis>1482381703104</millis>
  <sequence>11</sequence>
  <logger>wordgame.gui.WordGameGUI</logger>
  <level>INFO</level>
  <class>wordgame.gui.WordGameGUI</class>
  <method>buttonActionPerformed</method>
  <thread>14</thread>
  <message>guessed a word and was wrong</message>
</record>
<record>
  <date>2016-12-21T23:41:50</date>
  <millis>1482381710282</millis>
  <sequence>12</sequence>
  <logger>wordgame.gui.WordGameGUI</logger>
  <level>INFO</level>
  <class>wordgame.gui.WordGameGUI</class>
  <method>buttonActionPerformed</method>
  <thread>14</thread>
  <message>guessed a word and was wrong</message>
</record>
<record>
  <date>2016-12-21T23:43:38</date>
  <millis>1482381818024</millis>
  <sequence>13</sequence>
  <logger>wordgame.gui.WordGameGUI</logger>
  <level>INFO</level>
  <class>wordgame.gui.WordGameGUI</class>
  <method>buttonActionPerformed</method>
  <thread>14</thread>
  <message>guessed a word and was wrong</message>
</record>
<record>
  <date>2016-12-21T23:43:49</date>
  <millis>1482381829191</millis>
  <sequence>14</sequence>
  <logger>wordgame.gui.WordGameGUI</logger>
  <level>INFO</level>
  <class>wordgame.gui.WordGameGUI</class>
  <method>buttonActionPerformed</method>
  <thread>14</thread>
  <message>guessed a word and was right</message>
</record>
<record>
  <date>2016-12-21T23:43:53</date>
  <millis>1482381833518</millis>
  <sequence>15</sequence>
  <logger>wordgame.gui.WordGameGUI</logger>
  <level>INFO</level>
  <class>wordgame.gui.WordGameGUI</class>
  <method>skipButtonActionPerformed</method>
  <thread>14</thread>
  <message>new word from training data</message>
</record>
<record>
  <date>2016-12-21T23:44:04</date>
  <millis>1482381844655</millis>
  <sequence>16</sequence>
  <logger>wordgame.gui.WordGameGUI</logger>
  <level>INFO</level>
  <class>wordgame.gui.WordGameGUI</class>
  <method>buttonActionPerformed</method>
  <thread>14</thread>
  <message>guessed a word and was wrong</message>
</record>
<record>
  <date>2016-12-21T23:44:15</date>
  <millis>1482381855275</millis>
  <sequence>17</sequence>
  <logger>wordgame.gui.WordGameGUI</logger>
  <level>INFO</level>
  <class>wordgame.gui.WordGameGUI</class>
  <method>buttonActionPerformed</method>
  <thread>14</thread>
  <message>guessed a word and was right</message>
</record>
<record>
  <date>2016-12-21T23:44:16</date>
  <millis>1482381856678</millis>
  <sequence>18</sequence>
  <logger>wordgame.gui.WordGameGUI</logger>
  <level>INFO</level>
  <class>wordgame.gui.WordGameGUI</class>
  <method>skipButtonActionPerformed</method>
  <thread>14</thread>
  <message>new word from training data</message>
</record>
<record>
  <date>2016-12-21T23:45:25</date>
  <millis>1482381925611</millis>
  <sequence>19</sequence>
  <logger>wordgame.gui.WordGameGUI</logger>
  <level>INFO</level>
  <class>wordgame.gui.WordGameGUI</class>
  <method>buttonActionPerformed</method>
  <thread>14</thread>
  <message>guessed a word and was wrong</message>
</record>
<record>
  <date>2016-12-21T23:45:32</date>
  <millis>1482381932416</millis>
  <sequence>20</sequence>
  <logger>wordgame.gui.WordGameGUI</logger>
  <level>INFO</level>
  <class>wordgame.gui.WordGameGUI</class>
  <method>buttonActionPerformed</method>
  <thread>14</thread>
  <message>guessed a word and was wrong</message>
</record>
<record>
  <date>2016-12-21T23:46:00</date>
  <millis>1482381960148</millis>
  <sequence>21</sequence>
  <logger>wordgame.gui.WordGameGUI</logger>
  <level>INFO</level>
  <class>wordgame.gui.WordGameGUI</class>
  <method>buttonActionPerformed</method>
  <thread>14</thread>
  <message>guessed a word and was wrong</message>
</record>
<record>
  <date>2016-12-21T23:46:05</date>
  <millis>1482381965017</millis>
  <sequence>22</sequence>
  <logger>wordgame.gui.WordGameGUI</logger>
  <level>INFO</level>
  <class>wordgame.gui.WordGameGUI</class>
  <method>buttonActionPerformed</method>
  <thread>14</thread>
  <message>guessed a word and was wrong</message>
</record>
<record>
  <date>2016-12-21T23:46:12</date>
  <millis>1482381972140</millis>
  <sequence>23</sequence>
  <logger>wordgame.gui.WordGameGUI</logger>
  <level>INFO</level>
  <class>wordgame.gui.WordGameGUI</class>
  <method>buttonActionPerformed</method>
  <thread>14</thread>
  <message>guessed a word and was wrong</message>
</record>
<record>
  <date>2016-12-21T23:46:21</date>
  <millis>1482381981303</millis>
  <sequence>24</sequence>
  <logger>wordgame.gui.WordGameGUI</logger>
  <level>INFO</level>
  <class>wordgame.gui.WordGameGUI</class>
  <method>buttonActionPerformed</method>
  <thread>14</thread>
  <message>guessed a word and was wrong</message>
</record>
<record>
  <date>2016-12-21T23:46:36</date>
  <millis>1482381996208</millis>
  <sequence>25</sequence>
  <logger>wordgame.gui.WordGameGUI</logger>
  <level>INFO</level>
  <class>wordgame.gui.WordGameGUI</class>
  <method>buttonActionPerformed</method>
  <thread>14</thread>
  <message>guessed a word and was wrong</message>
</record>
<record>
  <date>2016-12-21T23:46:49</date>
  <millis>1482382009429</millis>
  <sequence>26</sequence>
  <logger>wordgame.gui.WordGameGUI</logger>
  <level>INFO</level>
  <class>wordgame.gui.WordGameGUI</class>
  <method>buttonActionPerformed</method>
  <thread>14</thread>
  <message>guessed a word and was right</message>
</record>
<record>
  <date>2016-12-21T23:46:51</date>
  <millis>1482382011340</millis>
  <sequence>27</sequence>
  <logger>wordgame.gui.WordGameGUI</logger>
  <level>INFO</level>
  <class>wordgame.gui.WordGameGUI</class>
  <method>skipButtonActionPerformed</method>
  <thread>14</thread>
  <message>new word from training data</message>
</record>
<record>
  <date>2016-12-21T23:47:09</date>
  <millis>1482382029087</millis>
  <sequence>28</sequence>
  <logger>wordgame.gui.WordGameGUI</logger>
  <level>INFO</level>
  <class>wordgame.gui.WordGameGUI</class>
  <method>buttonActionPerformed</method>
  <thread>14</thread>
  <message>guessed a word and was wrong</message>
</record>
<record>
  <date>2016-12-21T23:47:56</date>
  <millis>1482382076554</millis>
  <sequence>29</sequence>
  <logger>wordgame.gui.WordGameGUI</logger>
  <level>INFO</level>
  <class>wordgame.gui.WordGameGUI</class>
  <method>buttonActionPerformed</method>
  <thread>14</thread>
  <message>guessed a word and was right</message>
</record>
<record>
  <date>2016-12-21T23:47:57</date>
  <millis>1482382077735</millis>
  <sequence>30</sequence>
  <logger>wordgame.gui.WordGameGUI</logger>
  <level>INFO</level>
  <class>wordgame.gui.WordGameGUI</class>
  <method>skipButtonActionPerformed</method>
  <thread>14</thread>
  <message>new word from training data</message>
</record>
<record>
  <date>2016-12-21T23:48:05</date>
  <millis>1482382085032</millis>
  <sequence>31</sequence>
  <logger>wordgame.gui.WordGameGUI</logger>
  <level>INFO</level>
  <class>wordgame.gui.WordGameGUI</class>
  <method>buttonActionPerformed</method>
  <thread>14</thread>
  <message>guessed a word and was wrong</message>
</record>
<record>
  <date>2016-12-21T23:48:11</date>
  <millis>1482382091027</millis>
  <sequence>32</sequence>
  <logger>wordgame.gui.WordGameGUI</logger>
  <level>INFO</level>
  <class>wordgame.gui.WordGameGUI</class>
  <method>buttonActionPerformed</method>
  <thread>14</thread>
  <message>guessed a word and was wrong</message>
</record>
<record>
  <date>2016-12-21T23:48:21</date>
  <millis>1482382101711</millis>
  <sequence>33</sequence>
  <logger>wordgame.gui.WordGameGUI</logger>
  <level>INFO</level>
  <class>wordgame.gui.WordGameGUI</class>
  <method>buttonActionPerformed</method>
  <thread>14</thread>
  <message>guessed a word and was wrong</message>
</record>
<record>
  <date>2016-12-21T23:48:40</date>
  <millis>1482382120042</millis>
  <sequence>34</sequence>
  <logger>wordgame.gui.WordGameGUI</logger>
  <level>INFO</level>
  <class>wordgame.gui.WordGameGUI</class>
  <method>buttonActionPerformed</method>
  <thread>14</thread>
  <message>guessed a word and was wrong</message>
</record>
<record>
  <date>2016-12-21T23:50:36</date>
  <millis>1482382236721</millis>
  <sequence>35</sequence>
  <logger>wordgame.gui.WordGameGUI</logger>
  <level>INFO</level>
  <class>wordgame.gui.WordGameGUI</class>
  <method>buttonActionPerformed</method>
  <thread>14</thread>
  <message>guessed a word and was wrong</message>
</record>
<record>
  <date>2016-12-21T23:51:12</date>
  <millis>1482382272804</millis>
  <sequence>36</sequence>
  <logger>wordgame.gui.WordGameGUI</logger>
  <level>INFO</level>
  <class>wordgame.gui.WordGameGUI</class>
  <method>buttonActionPerformed</method>
  <thread>14</thread>
  <message>guessed a word and was wrong</message>
</record>
<record>
  <date>2016-12-21T23:52:01</date>
  <millis>1482382321007</millis>
  <sequence>37</sequence>
  <logger>wordgame.gui.WordGameGUI</logger>
  <level>INFO</level>
  <class>wordgame.gui.WordGameGUI</class>
  <method>buttonActionPerformed</method>
  <thread>14</thread>
  <message>guessed a word and was wrong</message>
</record>
<record>
  <date>2016-12-21T23:52:16</date>
  <millis>1482382336898</millis>
  <sequence>38</sequence>
  <logger>wordgame.gui.WordGameGUI</logger>
  <level>INFO</level>
  <class>wordgame.gui.WordGameGUI</class>
  <method>skipButtonActionPerformed</method>
  <thread>14</thread>
  <message>skipped a word in training data and was wrong</message>
</record>
<record>
  <date>2016-12-21T23:52:16</date>
  <millis>1482382336899</millis>
  <sequence>39</sequence>
  <logger>wordgame.gui.WordGameGUI</logger>
  <level>INFO</level>
  <class>wordgame.gui.WordGameGUI</class>
  <method>skipButtonActionPerformed</method>
  <thread>14</thread>
  <message>new word from training data</message>
</record>
</log>
