<?xml version="1.0" encoding="UTF-8" standalone="no"?>
<!DOCTYPE log SYSTEM "logger.dtd">
<log>
<record>
  <date>2016-12-21T03:53:01</date>
  <millis>1482310381289</millis>
  <sequence>0</sequence>
  <logger>wordgame.gui.WordGameGUI</logger>
  <level>INFO</level>
  <class>wordgame.gui.WordGameGUI</class>
  <method>&lt;init&gt;</method>
  <thread>14</thread>
  <message>Started a new game</message>
</record>
<record>
  <date>2016-12-21T03:53:01</date>
  <millis>1482310381318</millis>
  <sequence>1</sequence>
  <logger>wordgame.gui.WordGameGUI</logger>
  <level>INFO</level>
  <class>wordgame.gui.WordGameGUI</class>
  <method>&lt;init&gt;</method>
  <thread>14</thread>
  <message>Started a new word FACE</message>
</record>
<record>
  <date>2016-12-21T03:53:06</date>
  <millis>1482310386033</millis>
  <sequence>2</sequence>
  <logger>wordgame.gui.WordGameGUI</logger>
  <level>INFO</level>
  <class>wordgame.gui.WordGameGUI</class>
  <method>skipButtonActionPerformed</method>
  <thread>14</thread>
  <message>Started a new word NOPE</message>
</record>
<record>
  <date>2016-12-21T03:53:10</date>
  <millis>1482310390106</millis>
  <sequence>3</sequence>
  <logger>wordgame.gui.WordGameGUI</logger>
  <level>INFO</level>
  <class>wordgame.gui.WordGameGUI</class>
  <method>skipButtonActionPerformed</method>
  <thread>14</thread>
  <message>Started a new word SUCK</message>
</record>
<record>
  <date>2016-12-21T03:53:12</date>
  <millis>1482310392270</millis>
  <sequence>4</sequence>
  <logger>wordgame.gui.WordGameGUI</logger>
  <level>INFO</level>
  <class>wordgame.gui.WordGameGUI</class>
  <method>showStartReal</method>
  <thread>14</thread>
  <message>staring the real game</message>
</record>
<record>
  <date>2016-12-21T03:53:12</date>
  <millis>1482310392272</millis>
  <sequence>5</sequence>
  <logger>wordgame.gui.WordGameGUI</logger>
  <level>INFO</level>
  <class>wordgame.gui.WordGameGUI</class>
  <method>skipButtonActionPerformed</method>
  <thread>14</thread>
  <message>skipped word SUCK and was right</message>
</record>
<record>
  <date>2016-12-21T03:53:12</date>
  <millis>1482310392273</millis>
  <sequence>6</sequence>
  <logger>wordgame.gui.WordGameGUI</logger>
  <level>INFO</level>
  <class>wordgame.gui.WordGameGUI</class>
  <method>skipButtonActionPerformed</method>
  <thread>14</thread>
  <message>Started a new word SUCK</message>
</record>
