<?xml version="1.0" encoding="windows-1252" standalone="no"?>
<!DOCTYPE log SYSTEM "logger.dtd">
<log>
<record>
  <date>2016-12-22T05:03:22</date>
  <millis>1482401002587</millis>
  <sequence>0</sequence>
  <logger>wordgame.gui.WordGameGUI</logger>
  <level>INFO</level>
  <class>wordgame.gui.WordGameGUI</class>
  <method>&lt;init&gt;</method>
  <thread>13</thread>
  <message>starting training data</message>
</record>
<record>
  <date>2016-12-22T05:04:08</date>
  <millis>1482401048879</millis>
  <sequence>1</sequence>
  <logger>wordgame.gui.WordGameGUI</logger>
  <level>INFO</level>
  <class>wordgame.gui.WordGameGUI</class>
  <method>startButtonActionPerformed</method>
  <thread>13</thread>
  <message>new word from training data</message>
</record>
<record>
  <date>2016-12-22T05:04:54</date>
  <millis>1482401094610</millis>
  <sequence>2</sequence>
  <logger>wordgame.gui.WordGameGUI</logger>
  <level>INFO</level>
  <class>wordgame.gui.WordGameGUI</class>
  <method>buttonActionPerformed</method>
  <thread>13</thread>
  <message>guessed a word and was wrong</message>
</record>
<record>
  <date>2016-12-22T05:05:22</date>
  <millis>1482401122148</millis>
  <sequence>3</sequence>
  <logger>wordgame.gui.WordGameGUI</logger>
  <level>INFO</level>
  <class>wordgame.gui.WordGameGUI</class>
  <method>buttonActionPerformed</method>
  <thread>13</thread>
  <message>guessed a word and was right</message>
</record>
<record>
  <date>2016-12-22T05:05:23</date>
  <millis>1482401123461</millis>
  <sequence>4</sequence>
  <logger>wordgame.gui.WordGameGUI</logger>
  <level>INFO</level>
  <class>wordgame.gui.WordGameGUI</class>
  <method>skipButtonActionPerformed</method>
  <thread>13</thread>
  <message>new word from training data</message>
</record>
<record>
  <date>2016-12-22T05:05:46</date>
  <millis>1482401146862</millis>
  <sequence>5</sequence>
  <logger>wordgame.gui.WordGameGUI</logger>
  <level>INFO</level>
  <class>wordgame.gui.WordGameGUI</class>
  <method>buttonActionPerformed</method>
  <thread>13</thread>
  <message>guessed a word and was wrong</message>
</record>
<record>
  <date>2016-12-22T05:06:45</date>
  <millis>1482401205412</millis>
  <sequence>6</sequence>
  <logger>wordgame.gui.WordGameGUI</logger>
  <level>INFO</level>
  <class>wordgame.gui.WordGameGUI</class>
  <method>buttonActionPerformed</method>
  <thread>13</thread>
  <message>guessed a word and was wrong</message>
</record>
<record>
  <date>2016-12-22T05:07:06</date>
  <millis>1482401226333</millis>
  <sequence>7</sequence>
  <logger>wordgame.gui.WordGameGUI</logger>
  <level>INFO</level>
  <class>wordgame.gui.WordGameGUI</class>
  <method>buttonActionPerformed</method>
  <thread>13</thread>
  <message>guessed a word and was wrong</message>
</record>
<record>
  <date>2016-12-22T05:07:18</date>
  <millis>1482401238928</millis>
  <sequence>8</sequence>
  <logger>wordgame.gui.WordGameGUI</logger>
  <level>INFO</level>
  <class>wordgame.gui.WordGameGUI</class>
  <method>buttonActionPerformed</method>
  <thread>13</thread>
  <message>guessed a word and was right</message>
</record>
<record>
  <date>2016-12-22T05:07:19</date>
  <millis>1482401239960</millis>
  <sequence>9</sequence>
  <logger>wordgame.gui.WordGameGUI</logger>
  <level>INFO</level>
  <class>wordgame.gui.WordGameGUI</class>
  <method>skipButtonActionPerformed</method>
  <thread>13</thread>
  <message>new word from training data</message>
</record>
<record>
  <date>2016-12-22T05:07:49</date>
  <millis>1482401269287</millis>
  <sequence>10</sequence>
  <logger>wordgame.gui.WordGameGUI</logger>
  <level>INFO</level>
  <class>wordgame.gui.WordGameGUI</class>
  <method>buttonActionPerformed</method>
  <thread>13</thread>
  <message>guessed a word and was wrong</message>
</record>
<record>
  <date>2016-12-22T05:08:01</date>
  <millis>1482401281611</millis>
  <sequence>11</sequence>
  <logger>wordgame.gui.WordGameGUI</logger>
  <level>INFO</level>
  <class>wordgame.gui.WordGameGUI</class>
  <method>buttonActionPerformed</method>
  <thread>13</thread>
  <message>guessed a word and was wrong</message>
</record>
<record>
  <date>2016-12-22T05:08:27</date>
  <millis>1482401307394</millis>
  <sequence>12</sequence>
  <logger>wordgame.gui.WordGameGUI</logger>
  <level>INFO</level>
  <class>wordgame.gui.WordGameGUI</class>
  <method>buttonActionPerformed</method>
  <thread>13</thread>
  <message>guessed a word and was wrong</message>
</record>
<record>
  <date>2016-12-22T05:08:47</date>
  <millis>1482401327966</millis>
  <sequence>13</sequence>
  <logger>wordgame.gui.WordGameGUI</logger>
  <level>INFO</level>
  <class>wordgame.gui.WordGameGUI</class>
  <method>buttonActionPerformed</method>
  <thread>13</thread>
  <message>guessed a word and was right</message>
</record>
<record>
  <date>2016-12-22T05:08:48</date>
  <millis>1482401328903</millis>
  <sequence>14</sequence>
  <logger>wordgame.gui.WordGameGUI</logger>
  <level>INFO</level>
  <class>wordgame.gui.WordGameGUI</class>
  <method>skipButtonActionPerformed</method>
  <thread>13</thread>
  <message>new word from training data</message>
</record>
<record>
  <date>2016-12-22T05:09:08</date>
  <millis>1482401348785</millis>
  <sequence>15</sequence>
  <logger>wordgame.gui.WordGameGUI</logger>
  <level>INFO</level>
  <class>wordgame.gui.WordGameGUI</class>
  <method>buttonActionPerformed</method>
  <thread>13</thread>
  <message>guessed a word and was wrong</message>
</record>
<record>
  <date>2016-12-22T05:09:20</date>
  <millis>1482401360645</millis>
  <sequence>16</sequence>
  <logger>wordgame.gui.WordGameGUI</logger>
  <level>INFO</level>
  <class>wordgame.gui.WordGameGUI</class>
  <method>buttonActionPerformed</method>
  <thread>13</thread>
  <message>guessed a word and was right</message>
</record>
<record>
  <date>2016-12-22T05:09:23</date>
  <millis>1482401363081</millis>
  <sequence>17</sequence>
  <logger>wordgame.gui.WordGameGUI</logger>
  <level>INFO</level>
  <class>wordgame.gui.WordGameGUI</class>
  <method>skipButtonActionPerformed</method>
  <thread>13</thread>
  <message>new word from training data</message>
</record>
<record>
  <date>2016-12-22T05:09:36</date>
  <millis>1482401376017</millis>
  <sequence>18</sequence>
  <logger>wordgame.gui.WordGameGUI</logger>
  <level>INFO</level>
  <class>wordgame.gui.WordGameGUI</class>
  <method>buttonActionPerformed</method>
  <thread>13</thread>
  <message>guessed a word and was wrong</message>
</record>
<record>
  <date>2016-12-22T05:09:58</date>
  <millis>1482401398224</millis>
  <sequence>19</sequence>
  <logger>wordgame.gui.WordGameGUI</logger>
  <level>INFO</level>
  <class>wordgame.gui.WordGameGUI</class>
  <method>buttonActionPerformed</method>
  <thread>13</thread>
  <message>guessed a word and was wrong</message>
</record>
<record>
  <date>2016-12-22T05:10:12</date>
  <millis>1482401412609</millis>
  <sequence>20</sequence>
  <logger>wordgame.gui.WordGameGUI</logger>
  <level>INFO</level>
  <class>wordgame.gui.WordGameGUI</class>
  <method>buttonActionPerformed</method>
  <thread>13</thread>
  <message>guessed a word and was right</message>
</record>
<record>
  <date>2016-12-22T05:10:14</date>
  <millis>1482401414469</millis>
  <sequence>21</sequence>
  <logger>wordgame.gui.WordGameGUI</logger>
  <level>INFO</level>
  <class>wordgame.gui.WordGameGUI</class>
  <method>skipButtonActionPerformed</method>
  <thread>13</thread>
  <message>new word from training data</message>
</record>
<record>
  <date>2016-12-22T05:10:41</date>
  <millis>1482401441407</millis>
  <sequence>22</sequence>
  <logger>wordgame.gui.WordGameGUI</logger>
  <level>INFO</level>
  <class>wordgame.gui.WordGameGUI</class>
  <method>buttonActionPerformed</method>
  <thread>13</thread>
  <message>guessed a word and was wrong</message>
</record>
<record>
  <date>2016-12-22T05:11:36</date>
  <millis>1482401496058</millis>
  <sequence>23</sequence>
  <logger>wordgame.gui.WordGameGUI</logger>
  <level>INFO</level>
  <class>wordgame.gui.WordGameGUI</class>
  <method>buttonActionPerformed</method>
  <thread>13</thread>
  <message>guessed a word and was wrong</message>
</record>
<record>
  <date>2016-12-22T05:13:56</date>
  <millis>1482401636332</millis>
  <sequence>24</sequence>
  <logger>wordgame.gui.WordGameGUI</logger>
  <level>INFO</level>
  <class>wordgame.gui.WordGameGUI</class>
  <method>buttonActionPerformed</method>
  <thread>13</thread>
  <message>guessed a word and was wrong</message>
</record>
<record>
  <date>2016-12-22T05:13:59</date>
  <millis>1482401639036</millis>
  <sequence>25</sequence>
  <logger>wordgame.gui.WordGameGUI</logger>
  <level>INFO</level>
  <class>wordgame.gui.WordGameGUI</class>
  <method>buttonActionPerformed</method>
  <thread>13</thread>
  <message>guessed a word and was wrong</message>
</record>
<record>
  <date>2016-12-22T05:14:00</date>
  <millis>1482401640942</millis>
  <sequence>26</sequence>
  <logger>wordgame.gui.WordGameGUI</logger>
  <level>INFO</level>
  <class>wordgame.gui.WordGameGUI</class>
  <method>buttonActionPerformed</method>
  <thread>13</thread>
  <message>guessed a word and was wrong</message>
</record>
<record>
  <date>2016-12-22T05:14:34</date>
  <millis>1482401674469</millis>
  <sequence>27</sequence>
  <logger>wordgame.gui.WordGameGUI</logger>
  <level>INFO</level>
  <class>wordgame.gui.WordGameGUI</class>
  <method>buttonActionPerformed</method>
  <thread>13</thread>
  <message>guessed a word and was wrong</message>
</record>
<record>
  <date>2016-12-22T05:14:45</date>
  <millis>1482401685268</millis>
  <sequence>28</sequence>
  <logger>wordgame.gui.WordGameGUI</logger>
  <level>INFO</level>
  <class>wordgame.gui.WordGameGUI</class>
  <method>buttonActionPerformed</method>
  <thread>13</thread>
  <message>guessed a word and was right</message>
</record>
<record>
  <date>2016-12-22T05:14:46</date>
  <millis>1482401686842</millis>
  <sequence>29</sequence>
  <logger>wordgame.gui.WordGameGUI</logger>
  <level>INFO</level>
  <class>wordgame.gui.WordGameGUI</class>
  <method>skipButtonActionPerformed</method>
  <thread>13</thread>
  <message>new word from training data</message>
</record>
<record>
  <date>2016-12-22T05:15:04</date>
  <millis>1482401704098</millis>
  <sequence>30</sequence>
  <logger>wordgame.gui.WordGameGUI</logger>
  <level>INFO</level>
  <class>wordgame.gui.WordGameGUI</class>
  <method>buttonActionPerformed</method>
  <thread>13</thread>
  <message>guessed a word and was wrong</message>
</record>
<record>
  <date>2016-12-22T05:15:16</date>
  <millis>1482401716592</millis>
  <sequence>31</sequence>
  <logger>wordgame.gui.WordGameGUI</logger>
  <level>INFO</level>
  <class>wordgame.gui.WordGameGUI</class>
  <method>buttonActionPerformed</method>
  <thread>13</thread>
  <message>guessed a word and was wrong</message>
</record>
<record>
  <date>2016-12-22T05:15:27</date>
  <millis>1482401727763</millis>
  <sequence>32</sequence>
  <logger>wordgame.gui.WordGameGUI</logger>
  <level>INFO</level>
  <class>wordgame.gui.WordGameGUI</class>
  <method>buttonActionPerformed</method>
  <thread>13</thread>
  <message>guessed a word and was right</message>
</record>
<record>
  <date>2016-12-22T05:15:29</date>
  <millis>1482401729128</millis>
  <sequence>33</sequence>
  <logger>wordgame.gui.WordGameGUI</logger>
  <level>INFO</level>
  <class>wordgame.gui.WordGameGUI</class>
  <method>skipButtonActionPerformed</method>
  <thread>13</thread>
  <message>new word from training data</message>
</record>
<record>
  <date>2016-12-22T05:16:04</date>
  <millis>1482401764448</millis>
  <sequence>34</sequence>
  <logger>wordgame.gui.WordGameGUI</logger>
  <level>INFO</level>
  <class>wordgame.gui.WordGameGUI</class>
  <method>buttonActionPerformed</method>
  <thread>13</thread>
  <message>guessed a word and was wrong</message>
</record>
<record>
  <date>2016-12-22T05:16:50</date>
  <millis>1482401810719</millis>
  <sequence>35</sequence>
  <logger>wordgame.gui.WordGameGUI</logger>
  <level>INFO</level>
  <class>wordgame.gui.WordGameGUI</class>
  <method>buttonActionPerformed</method>
  <thread>13</thread>
  <message>guessed a word and was wrong</message>
</record>
<record>
  <date>2016-12-22T05:17:31</date>
  <millis>1482401851706</millis>
  <sequence>36</sequence>
  <logger>wordgame.gui.WordGameGUI</logger>
  <level>INFO</level>
  <class>wordgame.gui.WordGameGUI</class>
  <method>buttonActionPerformed</method>
  <thread>13</thread>
  <message>guessed a word and was wrong</message>
</record>
<record>
  <date>2016-12-22T05:17:51</date>
  <millis>1482401871976</millis>
  <sequence>37</sequence>
  <logger>wordgame.gui.WordGameGUI</logger>
  <level>INFO</level>
  <class>wordgame.gui.WordGameGUI</class>
  <method>buttonActionPerformed</method>
  <thread>13</thread>
  <message>guessed a word and was wrong</message>
</record>
<record>
  <date>2016-12-22T05:19:19</date>
  <millis>1482401959874</millis>
  <sequence>38</sequence>
  <logger>wordgame.gui.WordGameGUI</logger>
  <level>INFO</level>
  <class>wordgame.gui.WordGameGUI</class>
  <method>buttonActionPerformed</method>
  <thread>13</thread>
  <message>guessed a word and was wrong</message>
</record>
<record>
  <date>2016-12-22T05:20:06</date>
  <millis>1482402006656</millis>
  <sequence>39</sequence>
  <logger>wordgame.gui.WordGameGUI</logger>
  <level>INFO</level>
  <class>wordgame.gui.WordGameGUI</class>
  <method>buttonActionPerformed</method>
  <thread>13</thread>
  <message>guessed a word and was right</message>
</record>
<record>
  <date>2016-12-22T05:20:07</date>
  <millis>1482402007741</millis>
  <sequence>40</sequence>
  <logger>wordgame.gui.WordGameGUI</logger>
  <level>INFO</level>
  <class>wordgame.gui.WordGameGUI</class>
  <method>skipButtonActionPerformed</method>
  <thread>13</thread>
  <message>new word from training data</message>
</record>
<record>
  <date>2016-12-22T05:20:47</date>
  <millis>1482402047674</millis>
  <sequence>41</sequence>
  <logger>wordgame.gui.WordGameGUI</logger>
  <level>INFO</level>
  <class>wordgame.gui.WordGameGUI</class>
  <method>buttonActionPerformed</method>
  <thread>13</thread>
  <message>guessed a word and was wrong</message>
</record>
<record>
  <date>2016-12-22T05:21:12</date>
  <millis>1482402072794</millis>
  <sequence>42</sequence>
  <logger>wordgame.gui.WordGameGUI</logger>
  <level>INFO</level>
  <class>wordgame.gui.WordGameGUI</class>
  <method>buttonActionPerformed</method>
  <thread>13</thread>
  <message>guessed a word and was right</message>
</record>
<record>
  <date>2016-12-22T05:21:14</date>
  <millis>1482402074185</millis>
  <sequence>43</sequence>
  <logger>wordgame.gui.WordGameGUI</logger>
  <level>INFO</level>
  <class>wordgame.gui.WordGameGUI</class>
  <method>skipButtonActionPerformed</method>
  <thread>13</thread>
  <message>new word from training data</message>
</record>
<record>
  <date>2016-12-22T05:22:03</date>
  <millis>1482402123441</millis>
  <sequence>44</sequence>
  <logger>wordgame.gui.WordGameGUI</logger>
  <level>INFO</level>
  <class>wordgame.gui.WordGameGUI</class>
  <method>buttonActionPerformed</method>
  <thread>13</thread>
  <message>guessed a word and was wrong</message>
</record>
<record>
  <date>2016-12-22T05:22:41</date>
  <millis>1482402161189</millis>
  <sequence>45</sequence>
  <logger>wordgame.gui.WordGameGUI</logger>
  <level>INFO</level>
  <class>wordgame.gui.WordGameGUI</class>
  <method>buttonActionPerformed</method>
  <thread>13</thread>
  <message>guessed a word and was wrong</message>
</record>
<record>
  <date>2016-12-22T05:22:58</date>
  <millis>1482402178061</millis>
  <sequence>46</sequence>
  <logger>wordgame.gui.WordGameGUI</logger>
  <level>INFO</level>
  <class>wordgame.gui.WordGameGUI</class>
  <method>buttonActionPerformed</method>
  <thread>13</thread>
  <message>guessed a word and was right</message>
</record>
<record>
  <date>2016-12-22T05:23:00</date>
  <millis>1482402180391</millis>
  <sequence>47</sequence>
  <logger>wordgame.gui.WordGameGUI</logger>
  <level>INFO</level>
  <class>wordgame.gui.WordGameGUI</class>
  <method>showStartReal</method>
  <thread>13</thread>
  <message>starting testing data</message>
</record>
<record>
  <date>2016-12-22T05:23:06</date>
  <millis>1482402186695</millis>
  <sequence>48</sequence>
  <logger>wordgame.gui.WordGameGUI</logger>
  <level>INFO</level>
  <class>wordgame.gui.WordGameGUI</class>
  <method>startButtonActionPerformed</method>
  <thread>13</thread>
  <message>new word from testing data</message>
</record>
<record>
  <date>2016-12-22T05:23:17</date>
  <millis>1482402197210</millis>
  <sequence>49</sequence>
  <logger>wordgame.gui.WordGameGUI</logger>
  <level>INFO</level>
  <class>wordgame.gui.WordGameGUI</class>
  <method>buttonActionPerformed</method>
  <thread>13</thread>
  <message>guessed a word and was right</message>
</record>
<record>
  <date>2016-12-22T05:23:18</date>
  <millis>1482402198100</millis>
  <sequence>50</sequence>
  <logger>wordgame.gui.WordGameGUI</logger>
  <level>INFO</level>
  <class>wordgame.gui.WordGameGUI</class>
  <method>skipButtonActionPerformed</method>
  <thread>13</thread>
  <message>new word from testing data</message>
</record>
<record>
  <date>2016-12-22T05:23:27</date>
  <millis>1482402207663</millis>
  <sequence>51</sequence>
  <logger>wordgame.gui.WordGameGUI</logger>
  <level>INFO</level>
  <class>wordgame.gui.WordGameGUI</class>
  <method>buttonActionPerformed</method>
  <thread>13</thread>
  <message>guessed a word and was wrong</message>
</record>
<record>
  <date>2016-12-22T05:23:48</date>
  <millis>1482402228127</millis>
  <sequence>52</sequence>
  <logger>wordgame.gui.WordGameGUI</logger>
  <level>INFO</level>
  <class>wordgame.gui.WordGameGUI</class>
  <method>buttonActionPerformed</method>
  <thread>13</thread>
  <message>guessed a word and was wrong</message>
</record>
<record>
  <date>2016-12-22T05:24:35</date>
  <millis>1482402275270</millis>
  <sequence>53</sequence>
  <logger>wordgame.gui.WordGameGUI</logger>
  <level>INFO</level>
  <class>wordgame.gui.WordGameGUI</class>
  <method>buttonActionPerformed</method>
  <thread>13</thread>
  <message>guessed a word and was wrong</message>
</record>
<record>
  <date>2016-12-22T05:24:53</date>
  <millis>1482402293214</millis>
  <sequence>54</sequence>
  <logger>wordgame.gui.WordGameGUI</logger>
  <level>INFO</level>
  <class>wordgame.gui.WordGameGUI</class>
  <method>buttonActionPerformed</method>
  <thread>13</thread>
  <message>guessed a word and was wrong</message>
</record>
<record>
  <date>2016-12-22T05:25:02</date>
  <millis>1482402302784</millis>
  <sequence>55</sequence>
  <logger>wordgame.gui.WordGameGUI</logger>
  <level>INFO</level>
  <class>wordgame.gui.WordGameGUI</class>
  <method>skipButtonActionPerformed</method>
  <thread>13</thread>
  <message>marked a word in testing data as unsolvable and was right</message>
</record>
<record>
  <date>2016-12-22T05:25:02</date>
  <millis>1482402302784</millis>
  <sequence>56</sequence>
  <logger>wordgame.gui.WordGameGUI</logger>
  <level>INFO</level>
  <class>wordgame.gui.WordGameGUI</class>
  <method>skipButtonActionPerformed</method>
  <thread>13</thread>
  <message>new word from testing data</message>
</record>
<record>
  <date>2016-12-22T05:25:24</date>
  <millis>1482402324994</millis>
  <sequence>57</sequence>
  <logger>wordgame.gui.WordGameGUI</logger>
  <level>INFO</level>
  <class>wordgame.gui.WordGameGUI</class>
  <method>buttonActionPerformed</method>
  <thread>13</thread>
  <message>guessed a word and was wrong</message>
</record>
<record>
  <date>2016-12-22T05:25:31</date>
  <millis>1482402331995</millis>
  <sequence>58</sequence>
  <logger>wordgame.gui.WordGameGUI</logger>
  <level>INFO</level>
  <class>wordgame.gui.WordGameGUI</class>
  <method>buttonActionPerformed</method>
  <thread>13</thread>
  <message>guessed a word and was wrong</message>
</record>
<record>
  <date>2016-12-22T05:25:54</date>
  <millis>1482402354134</millis>
  <sequence>59</sequence>
  <logger>wordgame.gui.WordGameGUI</logger>
  <level>INFO</level>
  <class>wordgame.gui.WordGameGUI</class>
  <method>buttonActionPerformed</method>
  <thread>13</thread>
  <message>guessed a word and was wrong</message>
</record>
<record>
  <date>2016-12-22T05:26:22</date>
  <millis>1482402382099</millis>
  <sequence>60</sequence>
  <logger>wordgame.gui.WordGameGUI</logger>
  <level>INFO</level>
  <class>wordgame.gui.WordGameGUI</class>
  <method>buttonActionPerformed</method>
  <thread>13</thread>
  <message>guessed a word and was wrong</message>
</record>
<record>
  <date>2016-12-22T05:27:06</date>
  <millis>1482402426280</millis>
  <sequence>61</sequence>
  <logger>wordgame.gui.WordGameGUI</logger>
  <level>INFO</level>
  <class>wordgame.gui.WordGameGUI</class>
  <method>buttonActionPerformed</method>
  <thread>13</thread>
  <message>guessed a word and was wrong</message>
</record>
<record>
  <date>2016-12-22T05:27:14</date>
  <millis>1482402434804</millis>
  <sequence>62</sequence>
  <logger>wordgame.gui.WordGameGUI</logger>
  <level>INFO</level>
  <class>wordgame.gui.WordGameGUI</class>
  <method>skipButtonActionPerformed</method>
  <thread>13</thread>
  <message>marked a word in testing data as unsolvable and was right</message>
</record>
<record>
  <date>2016-12-22T05:27:14</date>
  <millis>1482402434804</millis>
  <sequence>63</sequence>
  <logger>wordgame.gui.WordGameGUI</logger>
  <level>INFO</level>
  <class>wordgame.gui.WordGameGUI</class>
  <method>skipButtonActionPerformed</method>
  <thread>13</thread>
  <message>new word from testing data</message>
</record>
<record>
  <date>2016-12-22T05:27:25</date>
  <millis>1482402445694</millis>
  <sequence>64</sequence>
  <logger>wordgame.gui.WordGameGUI</logger>
  <level>INFO</level>
  <class>wordgame.gui.WordGameGUI</class>
  <method>buttonActionPerformed</method>
  <thread>13</thread>
  <message>guessed a word and was wrong</message>
</record>
<record>
  <date>2016-12-22T05:27:49</date>
  <millis>1482402469981</millis>
  <sequence>65</sequence>
  <logger>wordgame.gui.WordGameGUI</logger>
  <level>INFO</level>
  <class>wordgame.gui.WordGameGUI</class>
  <method>buttonActionPerformed</method>
  <thread>13</thread>
  <message>guessed a word and was wrong</message>
</record>
<record>
  <date>2016-12-22T05:28:09</date>
  <millis>1482402489127</millis>
  <sequence>66</sequence>
  <logger>wordgame.gui.WordGameGUI</logger>
  <level>INFO</level>
  <class>wordgame.gui.WordGameGUI</class>
  <method>buttonActionPerformed</method>
  <thread>13</thread>
  <message>guessed a word and was wrong</message>
</record>
<record>
  <date>2016-12-22T05:28:20</date>
  <millis>1482402500965</millis>
  <sequence>67</sequence>
  <logger>wordgame.gui.WordGameGUI</logger>
  <level>INFO</level>
  <class>wordgame.gui.WordGameGUI</class>
  <method>buttonActionPerformed</method>
  <thread>13</thread>
  <message>guessed a word and was wrong</message>
</record>
<record>
  <date>2016-12-22T05:28:42</date>
  <millis>1482402522818</millis>
  <sequence>68</sequence>
  <logger>wordgame.gui.WordGameGUI</logger>
  <level>INFO</level>
  <class>wordgame.gui.WordGameGUI</class>
  <method>buttonActionPerformed</method>
  <thread>13</thread>
  <message>guessed a word and was wrong</message>
</record>
<record>
  <date>2016-12-22T05:28:50</date>
  <millis>1482402530815</millis>
  <sequence>69</sequence>
  <logger>wordgame.gui.WordGameGUI</logger>
  <level>INFO</level>
  <class>wordgame.gui.WordGameGUI</class>
  <method>skipButtonActionPerformed</method>
  <thread>13</thread>
  <message>marked a word in testing data as unsolvable and was wrong</message>
</record>
<record>
  <date>2016-12-22T05:28:50</date>
  <millis>1482402530815</millis>
  <sequence>70</sequence>
  <logger>wordgame.gui.WordGameGUI</logger>
  <level>INFO</level>
  <class>wordgame.gui.WordGameGUI</class>
  <method>skipButtonActionPerformed</method>
  <thread>13</thread>
  <message>new word from testing data</message>
</record>
<record>
  <date>2016-12-22T05:29:20</date>
  <millis>1482402560002</millis>
  <sequence>71</sequence>
  <logger>wordgame.gui.WordGameGUI</logger>
  <level>INFO</level>
  <class>wordgame.gui.WordGameGUI</class>
  <method>buttonActionPerformed</method>
  <thread>13</thread>
  <message>guessed a word and was wrong</message>
</record>
<record>
  <date>2016-12-22T05:29:30</date>
  <millis>1482402570063</millis>
  <sequence>72</sequence>
  <logger>wordgame.gui.WordGameGUI</logger>
  <level>INFO</level>
  <class>wordgame.gui.WordGameGUI</class>
  <method>buttonActionPerformed</method>
  <thread>13</thread>
  <message>guessed a word and was wrong</message>
</record>
<record>
  <date>2016-12-22T05:29:41</date>
  <millis>1482402581896</millis>
  <sequence>73</sequence>
  <logger>wordgame.gui.WordGameGUI</logger>
  <level>INFO</level>
  <class>wordgame.gui.WordGameGUI</class>
  <method>buttonActionPerformed</method>
  <thread>13</thread>
  <message>guessed a word and was wrong</message>
</record>
<record>
  <date>2016-12-22T05:29:51</date>
  <millis>1482402591767</millis>
  <sequence>74</sequence>
  <logger>wordgame.gui.WordGameGUI</logger>
  <level>INFO</level>
  <class>wordgame.gui.WordGameGUI</class>
  <method>buttonActionPerformed</method>
  <thread>13</thread>
  <message>guessed a word and was wrong</message>
</record>
<record>
  <date>2016-12-22T05:30:01</date>
  <millis>1482402601700</millis>
  <sequence>75</sequence>
  <logger>wordgame.gui.WordGameGUI</logger>
  <level>INFO</level>
  <class>wordgame.gui.WordGameGUI</class>
  <method>buttonActionPerformed</method>
  <thread>13</thread>
  <message>guessed a word and was wrong</message>
</record>
<record>
  <date>2016-12-22T05:30:42</date>
  <millis>1482402642147</millis>
  <sequence>76</sequence>
  <logger>wordgame.gui.WordGameGUI</logger>
  <level>INFO</level>
  <class>wordgame.gui.WordGameGUI</class>
  <method>buttonActionPerformed</method>
  <thread>13</thread>
  <message>guessed a word and was wrong</message>
</record>
<record>
  <date>2016-12-22T05:31:07</date>
  <millis>1482402667808</millis>
  <sequence>77</sequence>
  <logger>wordgame.gui.WordGameGUI</logger>
  <level>INFO</level>
  <class>wordgame.gui.WordGameGUI</class>
  <method>buttonActionPerformed</method>
  <thread>13</thread>
  <message>guessed a word and was wrong</message>
</record>
<record>
  <date>2016-12-22T05:31:58</date>
  <millis>1482402718665</millis>
  <sequence>78</sequence>
  <logger>wordgame.gui.WordGameGUI</logger>
  <level>INFO</level>
  <class>wordgame.gui.WordGameGUI</class>
  <method>skipButtonActionPerformed</method>
  <thread>13</thread>
  <message>marked a word in testing data as unsolvable and was right</message>
</record>
<record>
  <date>2016-12-22T05:31:58</date>
  <millis>1482402718665</millis>
  <sequence>79</sequence>
  <logger>wordgame.gui.WordGameGUI</logger>
  <level>INFO</level>
  <class>wordgame.gui.WordGameGUI</class>
  <method>skipButtonActionPerformed</method>
  <thread>13</thread>
  <message>new word from testing data</message>
</record>
<record>
  <date>2016-12-22T05:32:14</date>
  <millis>1482402734804</millis>
  <sequence>80</sequence>
  <logger>wordgame.gui.WordGameGUI</logger>
  <level>INFO</level>
  <class>wordgame.gui.WordGameGUI</class>
  <method>buttonActionPerformed</method>
  <thread>13</thread>
  <message>guessed a word and was wrong</message>
</record>
<record>
  <date>2016-12-22T05:32:37</date>
  <millis>1482402757576</millis>
  <sequence>81</sequence>
  <logger>wordgame.gui.WordGameGUI</logger>
  <level>INFO</level>
  <class>wordgame.gui.WordGameGUI</class>
  <method>buttonActionPerformed</method>
  <thread>13</thread>
  <message>guessed a word and was wrong</message>
</record>
<record>
  <date>2016-12-22T05:33:10</date>
  <millis>1482402790926</millis>
  <sequence>82</sequence>
  <logger>wordgame.gui.WordGameGUI</logger>
  <level>INFO</level>
  <class>wordgame.gui.WordGameGUI</class>
  <method>buttonActionPerformed</method>
  <thread>13</thread>
  <message>guessed a word and was wrong</message>
</record>
<record>
  <date>2016-12-22T05:33:13</date>
  <millis>1482402793317</millis>
  <sequence>83</sequence>
  <logger>wordgame.gui.WordGameGUI</logger>
  <level>INFO</level>
  <class>wordgame.gui.WordGameGUI</class>
  <method>skipButtonActionPerformed</method>
  <thread>13</thread>
  <message>marked a word in testing data as unsolvable and was right</message>
</record>
<record>
  <date>2016-12-22T05:33:13</date>
  <millis>1482402793332</millis>
  <sequence>84</sequence>
  <logger>wordgame.gui.WordGameGUI</logger>
  <level>INFO</level>
  <class>wordgame.gui.WordGameGUI</class>
  <method>skipButtonActionPerformed</method>
  <thread>13</thread>
  <message>new word from testing data</message>
</record>
<record>
  <date>2016-12-22T05:33:20</date>
  <millis>1482402800520</millis>
  <sequence>85</sequence>
  <logger>wordgame.gui.WordGameGUI</logger>
  <level>INFO</level>
  <class>wordgame.gui.WordGameGUI</class>
  <method>buttonActionPerformed</method>
  <thread>13</thread>
  <message>guessed a word and was wrong</message>
</record>
<record>
  <date>2016-12-22T05:33:25</date>
  <millis>1482402805789</millis>
  <sequence>86</sequence>
  <logger>wordgame.gui.WordGameGUI</logger>
  <level>INFO</level>
  <class>wordgame.gui.WordGameGUI</class>
  <method>buttonActionPerformed</method>
  <thread>13</thread>
  <message>guessed a word and was wrong</message>
</record>
<record>
  <date>2016-12-22T05:33:32</date>
  <millis>1482402812961</millis>
  <sequence>87</sequence>
  <logger>wordgame.gui.WordGameGUI</logger>
  <level>INFO</level>
  <class>wordgame.gui.WordGameGUI</class>
  <method>buttonActionPerformed</method>
  <thread>13</thread>
  <message>guessed a word and was wrong</message>
</record>
<record>
  <date>2016-12-22T05:33:42</date>
  <millis>1482402822079</millis>
  <sequence>88</sequence>
  <logger>wordgame.gui.WordGameGUI</logger>
  <level>INFO</level>
  <class>wordgame.gui.WordGameGUI</class>
  <method>buttonActionPerformed</method>
  <thread>13</thread>
  <message>guessed a word and was wrong</message>
</record>
<record>
  <date>2016-12-22T05:33:48</date>
  <millis>1482402828064</millis>
  <sequence>89</sequence>
  <logger>wordgame.gui.WordGameGUI</logger>
  <level>INFO</level>
  <class>wordgame.gui.WordGameGUI</class>
  <method>buttonActionPerformed</method>
  <thread>13</thread>
  <message>guessed a word and was wrong</message>
</record>
<record>
  <date>2016-12-22T05:34:27</date>
  <millis>1482402867622</millis>
  <sequence>90</sequence>
  <logger>wordgame.gui.WordGameGUI</logger>
  <level>INFO</level>
  <class>wordgame.gui.WordGameGUI</class>
  <method>skipButtonActionPerformed</method>
  <thread>13</thread>
  <message>marked a word in testing data as unsolvable and was wrong</message>
</record>
<record>
  <date>2016-12-22T05:34:27</date>
  <millis>1482402867622</millis>
  <sequence>91</sequence>
  <logger>wordgame.gui.WordGameGUI</logger>
  <level>INFO</level>
  <class>wordgame.gui.WordGameGUI</class>
  <method>skipButtonActionPerformed</method>
  <thread>13</thread>
  <message>new word from testing data</message>
</record>
<record>
  <date>2016-12-22T05:34:43</date>
  <millis>1482402883827</millis>
  <sequence>92</sequence>
  <logger>wordgame.gui.WordGameGUI</logger>
  <level>INFO</level>
  <class>wordgame.gui.WordGameGUI</class>
  <method>buttonActionPerformed</method>
  <thread>13</thread>
  <message>guessed a word and was wrong</message>
</record>
<record>
  <date>2016-12-22T05:35:01</date>
  <millis>1482402901670</millis>
  <sequence>93</sequence>
  <logger>wordgame.gui.WordGameGUI</logger>
  <level>INFO</level>
  <class>wordgame.gui.WordGameGUI</class>
  <method>buttonActionPerformed</method>
  <thread>13</thread>
  <message>guessed a word and was wrong</message>
</record>
<record>
  <date>2016-12-22T05:35:13</date>
  <millis>1482402913093</millis>
  <sequence>94</sequence>
  <logger>wordgame.gui.WordGameGUI</logger>
  <level>INFO</level>
  <class>wordgame.gui.WordGameGUI</class>
  <method>buttonActionPerformed</method>
  <thread>13</thread>
  <message>guessed a word and was wrong</message>
</record>
<record>
  <date>2016-12-22T05:35:51</date>
  <millis>1482402951066</millis>
  <sequence>95</sequence>
  <logger>wordgame.gui.WordGameGUI</logger>
  <level>INFO</level>
  <class>wordgame.gui.WordGameGUI</class>
  <method>buttonActionPerformed</method>
  <thread>13</thread>
  <message>guessed a word and was wrong</message>
</record>
<record>
  <date>2016-12-22T05:36:48</date>
  <millis>1482403008664</millis>
  <sequence>96</sequence>
  <logger>wordgame.gui.WordGameGUI</logger>
  <level>INFO</level>
  <class>wordgame.gui.WordGameGUI</class>
  <method>buttonActionPerformed</method>
  <thread>13</thread>
  <message>guessed a word and was wrong</message>
</record>
<record>
  <date>2016-12-22T05:37:19</date>
  <millis>1482403039430</millis>
  <sequence>97</sequence>
  <logger>wordgame.gui.WordGameGUI</logger>
  <level>INFO</level>
  <class>wordgame.gui.WordGameGUI</class>
  <method>skipButtonActionPerformed</method>
  <thread>13</thread>
  <message>marked a word in testing data as unsolvable and was wrong</message>
</record>
<record>
  <date>2016-12-22T05:37:19</date>
  <millis>1482403039430</millis>
  <sequence>98</sequence>
  <logger>wordgame.gui.WordGameGUI</logger>
  <level>INFO</level>
  <class>wordgame.gui.WordGameGUI</class>
  <method>skipButtonActionPerformed</method>
  <thread>13</thread>
  <message>new word from testing data</message>
</record>
<record>
  <date>2016-12-22T05:37:34</date>
  <millis>1482403054426</millis>
  <sequence>99</sequence>
  <logger>wordgame.gui.WordGameGUI</logger>
  <level>INFO</level>
  <class>wordgame.gui.WordGameGUI</class>
  <method>buttonActionPerformed</method>
  <thread>13</thread>
  <message>guessed a word and was wrong</message>
</record>
<record>
  <date>2016-12-22T05:37:56</date>
  <millis>1482403076647</millis>
  <sequence>100</sequence>
  <logger>wordgame.gui.WordGameGUI</logger>
  <level>INFO</level>
  <class>wordgame.gui.WordGameGUI</class>
  <method>buttonActionPerformed</method>
  <thread>13</thread>
  <message>guessed a word and was wrong</message>
</record>
<record>
  <date>2016-12-22T05:38:04</date>
  <millis>1482403084393</millis>
  <sequence>101</sequence>
  <logger>wordgame.gui.WordGameGUI</logger>
  <level>INFO</level>
  <class>wordgame.gui.WordGameGUI</class>
  <method>buttonActionPerformed</method>
  <thread>13</thread>
  <message>guessed a word and was wrong</message>
</record>
<record>
  <date>2016-12-22T05:39:19</date>
  <millis>1482403159455</millis>
  <sequence>102</sequence>
  <logger>wordgame.gui.WordGameGUI</logger>
  <level>INFO</level>
  <class>wordgame.gui.WordGameGUI</class>
  <method>buttonActionPerformed</method>
  <thread>13</thread>
  <message>guessed a word and was wrong</message>
</record>
<record>
  <date>2016-12-22T05:39:22</date>
  <millis>1482403162499</millis>
  <sequence>103</sequence>
  <logger>wordgame.gui.WordGameGUI</logger>
  <level>INFO</level>
  <class>wordgame.gui.WordGameGUI</class>
  <method>skipButtonActionPerformed</method>
  <thread>13</thread>
  <message>marked a word in testing data as unsolvable and was right</message>
</record>
<record>
  <date>2016-12-22T05:39:22</date>
  <millis>1482403162514</millis>
  <sequence>104</sequence>
  <logger>wordgame.gui.WordGameGUI</logger>
  <level>INFO</level>
  <class>wordgame.gui.WordGameGUI</class>
  <method>skipButtonActionPerformed</method>
  <thread>13</thread>
  <message>new word from testing data</message>
</record>
<record>
  <date>2016-12-22T05:39:35</date>
  <millis>1482403175070</millis>
  <sequence>105</sequence>
  <logger>wordgame.gui.WordGameGUI</logger>
  <level>INFO</level>
  <class>wordgame.gui.WordGameGUI</class>
  <method>buttonActionPerformed</method>
  <thread>13</thread>
  <message>guessed a word and was wrong</message>
</record>
<record>
  <date>2016-12-22T05:39:52</date>
  <millis>1482403192490</millis>
  <sequence>106</sequence>
  <logger>wordgame.gui.WordGameGUI</logger>
  <level>INFO</level>
  <class>wordgame.gui.WordGameGUI</class>
  <method>buttonActionPerformed</method>
  <thread>13</thread>
  <message>guessed a word and was wrong</message>
</record>
<record>
  <date>2016-12-22T05:40:36</date>
  <millis>1482403236203</millis>
  <sequence>107</sequence>
  <logger>wordgame.gui.WordGameGUI</logger>
  <level>INFO</level>
  <class>wordgame.gui.WordGameGUI</class>
  <method>buttonActionPerformed</method>
  <thread>13</thread>
  <message>guessed a word and was wrong</message>
</record>
<record>
  <date>2016-12-22T05:40:39</date>
  <millis>1482403239279</millis>
  <sequence>108</sequence>
  <logger>wordgame.gui.WordGameGUI</logger>
  <level>INFO</level>
  <class>wordgame.gui.WordGameGUI</class>
  <method>skipButtonActionPerformed</method>
  <thread>13</thread>
  <message>marked a word in testing data as unsolvable and was wrong</message>
</record>
<record>
  <date>2016-12-22T05:40:40</date>
  <millis>1482403240716</millis>
  <sequence>109</sequence>
  <logger>wordgame.gui.WordGameGUI</logger>
  <level>INFO</level>
  <class>wordgame.gui.WordGameGUI</class>
  <method>startButtonActionPerformed</method>
  <thread>13</thread>
  <message>finished game</message>
</record>
</log>
