<?xml version="1.0" encoding="UTF-8" standalone="no"?>
<!DOCTYPE log SYSTEM "logger.dtd">
<log>
<record>
  <date>2016-12-22T05:02:53</date>
  <millis>1482400973791</millis>
  <sequence>0</sequence>
  <logger>wordgame.gui.WordGameGUI</logger>
  <level>INFO</level>
  <class>wordgame.gui.WordGameGUI</class>
  <method>&lt;init&gt;</method>
  <thread>14</thread>
  <message>starting training data</message>
</record>
<record>
  <date>2016-12-22T05:03:21</date>
  <millis>1482401001881</millis>
  <sequence>1</sequence>
  <logger>wordgame.gui.WordGameGUI</logger>
  <level>INFO</level>
  <class>wordgame.gui.WordGameGUI</class>
  <method>startButtonActionPerformed</method>
  <thread>14</thread>
  <message>new word from training data</message>
</record>
<record>
  <date>2016-12-22T05:03:28</date>
  <millis>1482401008391</millis>
  <sequence>2</sequence>
  <logger>wordgame.gui.WordGameGUI</logger>
  <level>INFO</level>
  <class>wordgame.gui.WordGameGUI</class>
  <method>buttonActionPerformed</method>
  <thread>14</thread>
  <message>guessed a word and was right</message>
</record>
<record>
  <date>2016-12-22T05:03:29</date>
  <millis>1482401009764</millis>
  <sequence>3</sequence>
  <logger>wordgame.gui.WordGameGUI</logger>
  <level>INFO</level>
  <class>wordgame.gui.WordGameGUI</class>
  <method>skipButtonActionPerformed</method>
  <thread>14</thread>
  <message>new word from training data</message>
</record>
<record>
  <date>2016-12-22T05:03:36</date>
  <millis>1482401016093</millis>
  <sequence>4</sequence>
  <logger>wordgame.gui.WordGameGUI</logger>
  <level>INFO</level>
  <class>wordgame.gui.WordGameGUI</class>
  <method>buttonActionPerformed</method>
  <thread>14</thread>
  <message>guessed a word and was right</message>
</record>
<record>
  <date>2016-12-22T05:03:37</date>
  <millis>1482401017006</millis>
  <sequence>5</sequence>
  <logger>wordgame.gui.WordGameGUI</logger>
  <level>INFO</level>
  <class>wordgame.gui.WordGameGUI</class>
  <method>skipButtonActionPerformed</method>
  <thread>14</thread>
  <message>new word from training data</message>
</record>
<record>
  <date>2016-12-22T05:03:46</date>
  <millis>1482401026293</millis>
  <sequence>6</sequence>
  <logger>wordgame.gui.WordGameGUI</logger>
  <level>INFO</level>
  <class>wordgame.gui.WordGameGUI</class>
  <method>buttonActionPerformed</method>
  <thread>14</thread>
  <message>guessed a word and was wrong</message>
</record>
<record>
  <date>2016-12-22T05:03:55</date>
  <millis>1482401035746</millis>
  <sequence>7</sequence>
  <logger>wordgame.gui.WordGameGUI</logger>
  <level>INFO</level>
  <class>wordgame.gui.WordGameGUI</class>
  <method>buttonActionPerformed</method>
  <thread>14</thread>
  <message>guessed a word and was right</message>
</record>
<record>
  <date>2016-12-22T05:04:00</date>
  <millis>1482401040844</millis>
  <sequence>8</sequence>
  <logger>wordgame.gui.WordGameGUI</logger>
  <level>INFO</level>
  <class>wordgame.gui.WordGameGUI</class>
  <method>skipButtonActionPerformed</method>
  <thread>14</thread>
  <message>new word from training data</message>
</record>
<record>
  <date>2016-12-22T05:04:11</date>
  <millis>1482401051002</millis>
  <sequence>9</sequence>
  <logger>wordgame.gui.WordGameGUI</logger>
  <level>INFO</level>
  <class>wordgame.gui.WordGameGUI</class>
  <method>buttonActionPerformed</method>
  <thread>14</thread>
  <message>guessed a word and was wrong</message>
</record>
<record>
  <date>2016-12-22T05:04:18</date>
  <millis>1482401058606</millis>
  <sequence>10</sequence>
  <logger>wordgame.gui.WordGameGUI</logger>
  <level>INFO</level>
  <class>wordgame.gui.WordGameGUI</class>
  <method>buttonActionPerformed</method>
  <thread>14</thread>
  <message>guessed a word and was wrong</message>
</record>
<record>
  <date>2016-12-22T05:04:37</date>
  <millis>1482401077841</millis>
  <sequence>11</sequence>
  <logger>wordgame.gui.WordGameGUI</logger>
  <level>INFO</level>
  <class>wordgame.gui.WordGameGUI</class>
  <method>buttonActionPerformed</method>
  <thread>14</thread>
  <message>guessed a word and was wrong</message>
</record>
<record>
  <date>2016-12-22T05:04:57</date>
  <millis>1482401097800</millis>
  <sequence>12</sequence>
  <logger>wordgame.gui.WordGameGUI</logger>
  <level>INFO</level>
  <class>wordgame.gui.WordGameGUI</class>
  <method>buttonActionPerformed</method>
  <thread>14</thread>
  <message>guessed a word and was wrong</message>
</record>
<record>
  <date>2016-12-22T05:05:24</date>
  <millis>1482401124520</millis>
  <sequence>13</sequence>
  <logger>wordgame.gui.WordGameGUI</logger>
  <level>INFO</level>
  <class>wordgame.gui.WordGameGUI</class>
  <method>buttonActionPerformed</method>
  <thread>14</thread>
  <message>guessed a word and was wrong</message>
</record>
<record>
  <date>2016-12-22T05:05:36</date>
  <millis>1482401136338</millis>
  <sequence>14</sequence>
  <logger>wordgame.gui.WordGameGUI</logger>
  <level>INFO</level>
  <class>wordgame.gui.WordGameGUI</class>
  <method>buttonActionPerformed</method>
  <thread>14</thread>
  <message>guessed a word and was wrong</message>
</record>
<record>
  <date>2016-12-22T05:05:57</date>
  <millis>1482401157888</millis>
  <sequence>15</sequence>
  <logger>wordgame.gui.WordGameGUI</logger>
  <level>INFO</level>
  <class>wordgame.gui.WordGameGUI</class>
  <method>buttonActionPerformed</method>
  <thread>14</thread>
  <message>guessed a word and was wrong</message>
</record>
<record>
  <date>2016-12-22T05:06:07</date>
  <millis>1482401167029</millis>
  <sequence>16</sequence>
  <logger>wordgame.gui.WordGameGUI</logger>
  <level>INFO</level>
  <class>wordgame.gui.WordGameGUI</class>
  <method>buttonActionPerformed</method>
  <thread>14</thread>
  <message>guessed a word and was right</message>
</record>
<record>
  <date>2016-12-22T05:06:08</date>
  <millis>1482401168088</millis>
  <sequence>17</sequence>
  <logger>wordgame.gui.WordGameGUI</logger>
  <level>INFO</level>
  <class>wordgame.gui.WordGameGUI</class>
  <method>skipButtonActionPerformed</method>
  <thread>14</thread>
  <message>new word from training data</message>
</record>
<record>
  <date>2016-12-22T05:06:13</date>
  <millis>1482401173715</millis>
  <sequence>18</sequence>
  <logger>wordgame.gui.WordGameGUI</logger>
  <level>INFO</level>
  <class>wordgame.gui.WordGameGUI</class>
  <method>buttonActionPerformed</method>
  <thread>14</thread>
  <message>guessed a word and was wrong</message>
</record>
<record>
  <date>2016-12-22T05:06:18</date>
  <millis>1482401178851</millis>
  <sequence>19</sequence>
  <logger>wordgame.gui.WordGameGUI</logger>
  <level>INFO</level>
  <class>wordgame.gui.WordGameGUI</class>
  <method>buttonActionPerformed</method>
  <thread>14</thread>
  <message>guessed a word and was wrong</message>
</record>
<record>
  <date>2016-12-22T05:06:27</date>
  <millis>1482401187143</millis>
  <sequence>20</sequence>
  <logger>wordgame.gui.WordGameGUI</logger>
  <level>INFO</level>
  <class>wordgame.gui.WordGameGUI</class>
  <method>buttonActionPerformed</method>
  <thread>14</thread>
  <message>guessed a word and was wrong</message>
</record>
<record>
  <date>2016-12-22T05:06:33</date>
  <millis>1482401193825</millis>
  <sequence>21</sequence>
  <logger>wordgame.gui.WordGameGUI</logger>
  <level>INFO</level>
  <class>wordgame.gui.WordGameGUI</class>
  <method>buttonActionPerformed</method>
  <thread>14</thread>
  <message>guessed a word and was wrong</message>
</record>
<record>
  <date>2016-12-22T05:06:36</date>
  <millis>1482401196234</millis>
  <sequence>22</sequence>
  <logger>wordgame.gui.WordGameGUI</logger>
  <level>INFO</level>
  <class>wordgame.gui.WordGameGUI</class>
  <method>buttonActionPerformed</method>
  <thread>14</thread>
  <message>guessed a word and was wrong</message>
</record>
<record>
  <date>2016-12-22T05:06:41</date>
  <millis>1482401201248</millis>
  <sequence>23</sequence>
  <logger>wordgame.gui.WordGameGUI</logger>
  <level>INFO</level>
  <class>wordgame.gui.WordGameGUI</class>
  <method>buttonActionPerformed</method>
  <thread>14</thread>
  <message>guessed a word and was right</message>
</record>
<record>
  <date>2016-12-22T05:06:41</date>
  <millis>1482401201862</millis>
  <sequence>24</sequence>
  <logger>wordgame.gui.WordGameGUI</logger>
  <level>INFO</level>
  <class>wordgame.gui.WordGameGUI</class>
  <method>skipButtonActionPerformed</method>
  <thread>14</thread>
  <message>new word from training data</message>
</record>
<record>
  <date>2016-12-22T05:06:47</date>
  <millis>1482401207774</millis>
  <sequence>25</sequence>
  <logger>wordgame.gui.WordGameGUI</logger>
  <level>INFO</level>
  <class>wordgame.gui.WordGameGUI</class>
  <method>buttonActionPerformed</method>
  <thread>14</thread>
  <message>guessed a word and was right</message>
</record>
<record>
  <date>2016-12-22T05:06:48</date>
  <millis>1482401208645</millis>
  <sequence>26</sequence>
  <logger>wordgame.gui.WordGameGUI</logger>
  <level>INFO</level>
  <class>wordgame.gui.WordGameGUI</class>
  <method>skipButtonActionPerformed</method>
  <thread>14</thread>
  <message>new word from training data</message>
</record>
<record>
  <date>2016-12-22T05:06:52</date>
  <millis>1482401212127</millis>
  <sequence>27</sequence>
  <logger>wordgame.gui.WordGameGUI</logger>
  <level>INFO</level>
  <class>wordgame.gui.WordGameGUI</class>
  <method>buttonActionPerformed</method>
  <thread>14</thread>
  <message>guessed a word and was wrong</message>
</record>
<record>
  <date>2016-12-22T05:07:01</date>
  <millis>1482401221475</millis>
  <sequence>28</sequence>
  <logger>wordgame.gui.WordGameGUI</logger>
  <level>INFO</level>
  <class>wordgame.gui.WordGameGUI</class>
  <method>buttonActionPerformed</method>
  <thread>14</thread>
  <message>guessed a word and was wrong</message>
</record>
<record>
  <date>2016-12-22T05:07:04</date>
  <millis>1482401224018</millis>
  <sequence>29</sequence>
  <logger>wordgame.gui.WordGameGUI</logger>
  <level>INFO</level>
  <class>wordgame.gui.WordGameGUI</class>
  <method>buttonActionPerformed</method>
  <thread>14</thread>
  <message>guessed a word and was right</message>
</record>
<record>
  <date>2016-12-22T05:07:04</date>
  <millis>1482401224682</millis>
  <sequence>30</sequence>
  <logger>wordgame.gui.WordGameGUI</logger>
  <level>INFO</level>
  <class>wordgame.gui.WordGameGUI</class>
  <method>skipButtonActionPerformed</method>
  <thread>14</thread>
  <message>new word from training data</message>
</record>
<record>
  <date>2016-12-22T05:07:07</date>
  <millis>1482401227290</millis>
  <sequence>31</sequence>
  <logger>wordgame.gui.WordGameGUI</logger>
  <level>INFO</level>
  <class>wordgame.gui.WordGameGUI</class>
  <method>buttonActionPerformed</method>
  <thread>14</thread>
  <message>guessed a word and was wrong</message>
</record>
<record>
  <date>2016-12-22T05:07:18</date>
  <millis>1482401238683</millis>
  <sequence>32</sequence>
  <logger>wordgame.gui.WordGameGUI</logger>
  <level>INFO</level>
  <class>wordgame.gui.WordGameGUI</class>
  <method>buttonActionPerformed</method>
  <thread>14</thread>
  <message>guessed a word and was wrong</message>
</record>
<record>
  <date>2016-12-22T05:07:38</date>
  <millis>1482401258184</millis>
  <sequence>33</sequence>
  <logger>wordgame.gui.WordGameGUI</logger>
  <level>INFO</level>
  <class>wordgame.gui.WordGameGUI</class>
  <method>buttonActionPerformed</method>
  <thread>14</thread>
  <message>guessed a word and was right</message>
</record>
<record>
  <date>2016-12-22T05:07:39</date>
  <millis>1482401259095</millis>
  <sequence>34</sequence>
  <logger>wordgame.gui.WordGameGUI</logger>
  <level>INFO</level>
  <class>wordgame.gui.WordGameGUI</class>
  <method>skipButtonActionPerformed</method>
  <thread>14</thread>
  <message>new word from training data</message>
</record>
<record>
  <date>2016-12-22T05:09:08</date>
  <millis>1482401348048</millis>
  <sequence>35</sequence>
  <logger>wordgame.gui.WordGameGUI</logger>
  <level>INFO</level>
  <class>wordgame.gui.WordGameGUI</class>
  <method>buttonActionPerformed</method>
  <thread>14</thread>
  <message>guessed a word and was wrong</message>
</record>
<record>
  <date>2016-12-22T05:09:16</date>
  <millis>1482401356385</millis>
  <sequence>36</sequence>
  <logger>wordgame.gui.WordGameGUI</logger>
  <level>INFO</level>
  <class>wordgame.gui.WordGameGUI</class>
  <method>buttonActionPerformed</method>
  <thread>14</thread>
  <message>guessed a word and was right</message>
</record>
<record>
  <date>2016-12-22T05:09:17</date>
  <millis>1482401357055</millis>
  <sequence>37</sequence>
  <logger>wordgame.gui.WordGameGUI</logger>
  <level>INFO</level>
  <class>wordgame.gui.WordGameGUI</class>
  <method>skipButtonActionPerformed</method>
  <thread>14</thread>
  <message>new word from training data</message>
</record>
<record>
  <date>2016-12-22T05:09:22</date>
  <millis>1482401362448</millis>
  <sequence>38</sequence>
  <logger>wordgame.gui.WordGameGUI</logger>
  <level>INFO</level>
  <class>wordgame.gui.WordGameGUI</class>
  <method>buttonActionPerformed</method>
  <thread>14</thread>
  <message>guessed a word and was wrong</message>
</record>
<record>
  <date>2016-12-22T05:09:57</date>
  <millis>1482401397873</millis>
  <sequence>39</sequence>
  <logger>wordgame.gui.WordGameGUI</logger>
  <level>INFO</level>
  <class>wordgame.gui.WordGameGUI</class>
  <method>buttonActionPerformed</method>
  <thread>14</thread>
  <message>guessed a word and was wrong</message>
</record>
<record>
  <date>2016-12-22T05:10:32</date>
  <millis>1482401432682</millis>
  <sequence>40</sequence>
  <logger>wordgame.gui.WordGameGUI</logger>
  <level>INFO</level>
  <class>wordgame.gui.WordGameGUI</class>
  <method>buttonActionPerformed</method>
  <thread>14</thread>
  <message>guessed a word and was right</message>
</record>
<record>
  <date>2016-12-22T05:10:33</date>
  <millis>1482401433388</millis>
  <sequence>41</sequence>
  <logger>wordgame.gui.WordGameGUI</logger>
  <level>INFO</level>
  <class>wordgame.gui.WordGameGUI</class>
  <method>showStartReal</method>
  <thread>14</thread>
  <message>starting testing data</message>
</record>
<record>
  <date>2016-12-22T05:10:37</date>
  <millis>1482401437621</millis>
  <sequence>42</sequence>
  <logger>wordgame.gui.WordGameGUI</logger>
  <level>INFO</level>
  <class>wordgame.gui.WordGameGUI</class>
  <method>startButtonActionPerformed</method>
  <thread>14</thread>
  <message>new word from testing data</message>
</record>
<record>
  <date>2016-12-22T05:10:43</date>
  <millis>1482401443111</millis>
  <sequence>43</sequence>
  <logger>wordgame.gui.WordGameGUI</logger>
  <level>INFO</level>
  <class>wordgame.gui.WordGameGUI</class>
  <method>buttonActionPerformed</method>
  <thread>14</thread>
  <message>guessed a word and was wrong</message>
</record>
<record>
  <date>2016-12-22T05:10:47</date>
  <millis>1482401447686</millis>
  <sequence>44</sequence>
  <logger>wordgame.gui.WordGameGUI</logger>
  <level>INFO</level>
  <class>wordgame.gui.WordGameGUI</class>
  <method>buttonActionPerformed</method>
  <thread>14</thread>
  <message>guessed a word and was wrong</message>
</record>
<record>
  <date>2016-12-22T05:10:58</date>
  <millis>1482401458402</millis>
  <sequence>45</sequence>
  <logger>wordgame.gui.WordGameGUI</logger>
  <level>INFO</level>
  <class>wordgame.gui.WordGameGUI</class>
  <method>buttonActionPerformed</method>
  <thread>14</thread>
  <message>guessed a word and was wrong</message>
</record>
<record>
  <date>2016-12-22T05:11:01</date>
  <millis>1482401461371</millis>
  <sequence>46</sequence>
  <logger>wordgame.gui.WordGameGUI</logger>
  <level>INFO</level>
  <class>wordgame.gui.WordGameGUI</class>
  <method>buttonActionPerformed</method>
  <thread>14</thread>
  <message>guessed a word and was wrong</message>
</record>
<record>
  <date>2016-12-22T05:11:26</date>
  <millis>1482401486002</millis>
  <sequence>47</sequence>
  <logger>wordgame.gui.WordGameGUI</logger>
  <level>INFO</level>
  <class>wordgame.gui.WordGameGUI</class>
  <method>buttonActionPerformed</method>
  <thread>14</thread>
  <message>guessed a word and was wrong</message>
</record>
<record>
  <date>2016-12-22T05:11:30</date>
  <millis>1482401490314</millis>
  <sequence>48</sequence>
  <logger>wordgame.gui.WordGameGUI</logger>
  <level>INFO</level>
  <class>wordgame.gui.WordGameGUI</class>
  <method>buttonActionPerformed</method>
  <thread>14</thread>
  <message>guessed a word and was right</message>
</record>
<record>
  <date>2016-12-22T05:11:31</date>
  <millis>1482401491284</millis>
  <sequence>49</sequence>
  <logger>wordgame.gui.WordGameGUI</logger>
  <level>INFO</level>
  <class>wordgame.gui.WordGameGUI</class>
  <method>skipButtonActionPerformed</method>
  <thread>14</thread>
  <message>new word from testing data</message>
</record>
<record>
  <date>2016-12-22T05:11:41</date>
  <millis>1482401501443</millis>
  <sequence>50</sequence>
  <logger>wordgame.gui.WordGameGUI</logger>
  <level>INFO</level>
  <class>wordgame.gui.WordGameGUI</class>
  <method>buttonActionPerformed</method>
  <thread>14</thread>
  <message>guessed a word and was wrong</message>
</record>
<record>
  <date>2016-12-22T05:11:46</date>
  <millis>1482401506264</millis>
  <sequence>51</sequence>
  <logger>wordgame.gui.WordGameGUI</logger>
  <level>INFO</level>
  <class>wordgame.gui.WordGameGUI</class>
  <method>buttonActionPerformed</method>
  <thread>14</thread>
  <message>guessed a word and was wrong</message>
</record>
<record>
  <date>2016-12-22T05:11:56</date>
  <millis>1482401516117</millis>
  <sequence>52</sequence>
  <logger>wordgame.gui.WordGameGUI</logger>
  <level>INFO</level>
  <class>wordgame.gui.WordGameGUI</class>
  <method>buttonActionPerformed</method>
  <thread>14</thread>
  <message>guessed a word and was wrong</message>
</record>
<record>
  <date>2016-12-22T05:11:57</date>
  <millis>1482401517851</millis>
  <sequence>53</sequence>
  <logger>wordgame.gui.WordGameGUI</logger>
  <level>INFO</level>
  <class>wordgame.gui.WordGameGUI</class>
  <method>buttonActionPerformed</method>
  <thread>14</thread>
  <message>guessed a word and was wrong</message>
</record>
<record>
  <date>2016-12-22T05:11:59</date>
  <millis>1482401519233</millis>
  <sequence>54</sequence>
  <logger>wordgame.gui.WordGameGUI</logger>
  <level>INFO</level>
  <class>wordgame.gui.WordGameGUI</class>
  <method>buttonActionPerformed</method>
  <thread>14</thread>
  <message>guessed a word and was wrong</message>
</record>
<record>
  <date>2016-12-22T05:12:03</date>
  <millis>1482401523350</millis>
  <sequence>55</sequence>
  <logger>wordgame.gui.WordGameGUI</logger>
  <level>INFO</level>
  <class>wordgame.gui.WordGameGUI</class>
  <method>buttonActionPerformed</method>
  <thread>14</thread>
  <message>guessed a word and was wrong</message>
</record>
<record>
  <date>2016-12-22T05:12:10</date>
  <millis>1482401530551</millis>
  <sequence>56</sequence>
  <logger>wordgame.gui.WordGameGUI</logger>
  <level>INFO</level>
  <class>wordgame.gui.WordGameGUI</class>
  <method>buttonActionPerformed</method>
  <thread>14</thread>
  <message>guessed a word and was wrong</message>
</record>
<record>
  <date>2016-12-22T05:12:16</date>
  <millis>1482401536948</millis>
  <sequence>57</sequence>
  <logger>wordgame.gui.WordGameGUI</logger>
  <level>INFO</level>
  <class>wordgame.gui.WordGameGUI</class>
  <method>buttonActionPerformed</method>
  <thread>14</thread>
  <message>guessed a word and was wrong</message>
</record>
<record>
  <date>2016-12-22T05:12:20</date>
  <millis>1482401540104</millis>
  <sequence>58</sequence>
  <logger>wordgame.gui.WordGameGUI</logger>
  <level>INFO</level>
  <class>wordgame.gui.WordGameGUI</class>
  <method>skipButtonActionPerformed</method>
  <thread>14</thread>
  <message>marked a word in testing data as unsolvable and was right</message>
</record>
<record>
  <date>2016-12-22T05:12:20</date>
  <millis>1482401540104</millis>
  <sequence>59</sequence>
  <logger>wordgame.gui.WordGameGUI</logger>
  <level>INFO</level>
  <class>wordgame.gui.WordGameGUI</class>
  <method>skipButtonActionPerformed</method>
  <thread>14</thread>
  <message>new word from testing data</message>
</record>
<record>
  <date>2016-12-22T05:12:25</date>
  <millis>1482401545452</millis>
  <sequence>60</sequence>
  <logger>wordgame.gui.WordGameGUI</logger>
  <level>INFO</level>
  <class>wordgame.gui.WordGameGUI</class>
  <method>buttonActionPerformed</method>
  <thread>14</thread>
  <message>guessed a word and was wrong</message>
</record>
<record>
  <date>2016-12-22T05:12:31</date>
  <millis>1482401551071</millis>
  <sequence>61</sequence>
  <logger>wordgame.gui.WordGameGUI</logger>
  <level>INFO</level>
  <class>wordgame.gui.WordGameGUI</class>
  <method>buttonActionPerformed</method>
  <thread>14</thread>
  <message>guessed a word and was wrong</message>
</record>
<record>
  <date>2016-12-22T05:12:39</date>
  <millis>1482401559630</millis>
  <sequence>62</sequence>
  <logger>wordgame.gui.WordGameGUI</logger>
  <level>INFO</level>
  <class>wordgame.gui.WordGameGUI</class>
  <method>buttonActionPerformed</method>
  <thread>14</thread>
  <message>guessed a word and was wrong</message>
</record>
<record>
  <date>2016-12-22T05:13:13</date>
  <millis>1482401593169</millis>
  <sequence>63</sequence>
  <logger>wordgame.gui.WordGameGUI</logger>
  <level>INFO</level>
  <class>wordgame.gui.WordGameGUI</class>
  <method>buttonActionPerformed</method>
  <thread>14</thread>
  <message>guessed a word and was wrong</message>
</record>
<record>
  <date>2016-12-22T05:13:16</date>
  <millis>1482401596154</millis>
  <sequence>64</sequence>
  <logger>wordgame.gui.WordGameGUI</logger>
  <level>INFO</level>
  <class>wordgame.gui.WordGameGUI</class>
  <method>buttonActionPerformed</method>
  <thread>14</thread>
  <message>guessed a word and was wrong</message>
</record>
<record>
  <date>2016-12-22T05:13:26</date>
  <millis>1482401606629</millis>
  <sequence>65</sequence>
  <logger>wordgame.gui.WordGameGUI</logger>
  <level>INFO</level>
  <class>wordgame.gui.WordGameGUI</class>
  <method>buttonActionPerformed</method>
  <thread>14</thread>
  <message>guessed a word and was wrong</message>
</record>
<record>
  <date>2016-12-22T05:13:37</date>
  <millis>1482401617799</millis>
  <sequence>66</sequence>
  <logger>wordgame.gui.WordGameGUI</logger>
  <level>INFO</level>
  <class>wordgame.gui.WordGameGUI</class>
  <method>buttonActionPerformed</method>
  <thread>14</thread>
  <message>guessed a word and was wrong</message>
</record>
<record>
  <date>2016-12-22T05:13:40</date>
  <millis>1482401620537</millis>
  <sequence>67</sequence>
  <logger>wordgame.gui.WordGameGUI</logger>
  <level>INFO</level>
  <class>wordgame.gui.WordGameGUI</class>
  <method>skipButtonActionPerformed</method>
  <thread>14</thread>
  <message>marked a word in testing data as unsolvable and was right</message>
</record>
<record>
  <date>2016-12-22T05:13:40</date>
  <millis>1482401620538</millis>
  <sequence>68</sequence>
  <logger>wordgame.gui.WordGameGUI</logger>
  <level>INFO</level>
  <class>wordgame.gui.WordGameGUI</class>
  <method>skipButtonActionPerformed</method>
  <thread>14</thread>
  <message>new word from testing data</message>
</record>
<record>
  <date>2016-12-22T05:13:46</date>
  <millis>1482401626443</millis>
  <sequence>69</sequence>
  <logger>wordgame.gui.WordGameGUI</logger>
  <level>INFO</level>
  <class>wordgame.gui.WordGameGUI</class>
  <method>buttonActionPerformed</method>
  <thread>14</thread>
  <message>guessed a word and was wrong</message>
</record>
<record>
  <date>2016-12-22T05:13:51</date>
  <millis>1482401631934</millis>
  <sequence>70</sequence>
  <logger>wordgame.gui.WordGameGUI</logger>
  <level>INFO</level>
  <class>wordgame.gui.WordGameGUI</class>
  <method>buttonActionPerformed</method>
  <thread>14</thread>
  <message>guessed a word and was wrong</message>
</record>
<record>
  <date>2016-12-22T05:14:39</date>
  <millis>1482401679174</millis>
  <sequence>71</sequence>
  <logger>wordgame.gui.WordGameGUI</logger>
  <level>INFO</level>
  <class>wordgame.gui.WordGameGUI</class>
  <method>buttonActionPerformed</method>
  <thread>14</thread>
  <message>guessed a word and was wrong</message>
</record>
<record>
  <date>2016-12-22T05:14:45</date>
  <millis>1482401685123</millis>
  <sequence>72</sequence>
  <logger>wordgame.gui.WordGameGUI</logger>
  <level>INFO</level>
  <class>wordgame.gui.WordGameGUI</class>
  <method>buttonActionPerformed</method>
  <thread>14</thread>
  <message>guessed a word and was wrong</message>
</record>
<record>
  <date>2016-12-22T05:15:14</date>
  <millis>1482401714765</millis>
  <sequence>73</sequence>
  <logger>wordgame.gui.WordGameGUI</logger>
  <level>INFO</level>
  <class>wordgame.gui.WordGameGUI</class>
  <method>buttonActionPerformed</method>
  <thread>14</thread>
  <message>guessed a word and was wrong</message>
</record>
<record>
  <date>2016-12-22T05:15:16</date>
  <millis>1482401716287</millis>
  <sequence>74</sequence>
  <logger>wordgame.gui.WordGameGUI</logger>
  <level>INFO</level>
  <class>wordgame.gui.WordGameGUI</class>
  <method>skipButtonActionPerformed</method>
  <thread>14</thread>
  <message>marked a word in testing data as unsolvable and was wrong</message>
</record>
<record>
  <date>2016-12-22T05:15:16</date>
  <millis>1482401716288</millis>
  <sequence>75</sequence>
  <logger>wordgame.gui.WordGameGUI</logger>
  <level>INFO</level>
  <class>wordgame.gui.WordGameGUI</class>
  <method>skipButtonActionPerformed</method>
  <thread>14</thread>
  <message>new word from testing data</message>
</record>
<record>
  <date>2016-12-22T05:15:22</date>
  <millis>1482401722625</millis>
  <sequence>76</sequence>
  <logger>wordgame.gui.WordGameGUI</logger>
  <level>INFO</level>
  <class>wordgame.gui.WordGameGUI</class>
  <method>buttonActionPerformed</method>
  <thread>14</thread>
  <message>guessed a word and was wrong</message>
</record>
<record>
  <date>2016-12-22T05:15:26</date>
  <millis>1482401726112</millis>
  <sequence>77</sequence>
  <logger>wordgame.gui.WordGameGUI</logger>
  <level>INFO</level>
  <class>wordgame.gui.WordGameGUI</class>
  <method>buttonActionPerformed</method>
  <thread>14</thread>
  <message>guessed a word and was wrong</message>
</record>
<record>
  <date>2016-12-22T05:15:30</date>
  <millis>1482401730618</millis>
  <sequence>78</sequence>
  <logger>wordgame.gui.WordGameGUI</logger>
  <level>INFO</level>
  <class>wordgame.gui.WordGameGUI</class>
  <method>buttonActionPerformed</method>
  <thread>14</thread>
  <message>guessed a word and was wrong</message>
</record>
<record>
  <date>2016-12-22T05:15:36</date>
  <millis>1482401736140</millis>
  <sequence>79</sequence>
  <logger>wordgame.gui.WordGameGUI</logger>
  <level>INFO</level>
  <class>wordgame.gui.WordGameGUI</class>
  <method>buttonActionPerformed</method>
  <thread>14</thread>
  <message>guessed a word and was wrong</message>
</record>
<record>
  <date>2016-12-22T05:15:39</date>
  <millis>1482401739388</millis>
  <sequence>80</sequence>
  <logger>wordgame.gui.WordGameGUI</logger>
  <level>INFO</level>
  <class>wordgame.gui.WordGameGUI</class>
  <method>buttonActionPerformed</method>
  <thread>14</thread>
  <message>guessed a word and was wrong</message>
</record>
<record>
  <date>2016-12-22T05:15:54</date>
  <millis>1482401754062</millis>
  <sequence>81</sequence>
  <logger>wordgame.gui.WordGameGUI</logger>
  <level>INFO</level>
  <class>wordgame.gui.WordGameGUI</class>
  <method>buttonActionPerformed</method>
  <thread>14</thread>
  <message>guessed a word and was wrong</message>
</record>
<record>
  <date>2016-12-22T05:15:56</date>
  <millis>1482401756313</millis>
  <sequence>82</sequence>
  <logger>wordgame.gui.WordGameGUI</logger>
  <level>INFO</level>
  <class>wordgame.gui.WordGameGUI</class>
  <method>buttonActionPerformed</method>
  <thread>14</thread>
  <message>guessed a word and was wrong</message>
</record>
<record>
  <date>2016-12-22T05:16:05</date>
  <millis>1482401765600</millis>
  <sequence>83</sequence>
  <logger>wordgame.gui.WordGameGUI</logger>
  <level>INFO</level>
  <class>wordgame.gui.WordGameGUI</class>
  <method>buttonActionPerformed</method>
  <thread>14</thread>
  <message>guessed a word and was wrong</message>
</record>
<record>
  <date>2016-12-22T05:16:09</date>
  <millis>1482401769964</millis>
  <sequence>84</sequence>
  <logger>wordgame.gui.WordGameGUI</logger>
  <level>INFO</level>
  <class>wordgame.gui.WordGameGUI</class>
  <method>buttonActionPerformed</method>
  <thread>14</thread>
  <message>guessed a word and was wrong</message>
</record>
<record>
  <date>2016-12-22T05:16:38</date>
  <millis>1482401798350</millis>
  <sequence>85</sequence>
  <logger>wordgame.gui.WordGameGUI</logger>
  <level>INFO</level>
  <class>wordgame.gui.WordGameGUI</class>
  <method>buttonActionPerformed</method>
  <thread>14</thread>
  <message>guessed a word and was wrong</message>
</record>
<record>
  <date>2016-12-22T05:16:48</date>
  <millis>1482401808599</millis>
  <sequence>86</sequence>
  <logger>wordgame.gui.WordGameGUI</logger>
  <level>INFO</level>
  <class>wordgame.gui.WordGameGUI</class>
  <method>buttonActionPerformed</method>
  <thread>14</thread>
  <message>guessed a word and was wrong</message>
</record>
<record>
  <date>2016-12-22T05:16:52</date>
  <millis>1482401812449</millis>
  <sequence>87</sequence>
  <logger>wordgame.gui.WordGameGUI</logger>
  <level>INFO</level>
  <class>wordgame.gui.WordGameGUI</class>
  <method>skipButtonActionPerformed</method>
  <thread>14</thread>
  <message>marked a word in testing data as unsolvable and was right</message>
</record>
<record>
  <date>2016-12-22T05:16:52</date>
  <millis>1482401812449</millis>
  <sequence>88</sequence>
  <logger>wordgame.gui.WordGameGUI</logger>
  <level>INFO</level>
  <class>wordgame.gui.WordGameGUI</class>
  <method>skipButtonActionPerformed</method>
  <thread>14</thread>
  <message>new word from testing data</message>
</record>
<record>
  <date>2016-12-22T05:16:59</date>
  <millis>1482401819287</millis>
  <sequence>89</sequence>
  <logger>wordgame.gui.WordGameGUI</logger>
  <level>INFO</level>
  <class>wordgame.gui.WordGameGUI</class>
  <method>buttonActionPerformed</method>
  <thread>14</thread>
  <message>guessed a word and was wrong</message>
</record>
<record>
  <date>2016-12-22T05:17:04</date>
  <millis>1482401824241</millis>
  <sequence>90</sequence>
  <logger>wordgame.gui.WordGameGUI</logger>
  <level>INFO</level>
  <class>wordgame.gui.WordGameGUI</class>
  <method>buttonActionPerformed</method>
  <thread>14</thread>
  <message>guessed a word and was wrong</message>
</record>
<record>
  <date>2016-12-22T05:17:08</date>
  <millis>1482401828814</millis>
  <sequence>91</sequence>
  <logger>wordgame.gui.WordGameGUI</logger>
  <level>INFO</level>
  <class>wordgame.gui.WordGameGUI</class>
  <method>buttonActionPerformed</method>
  <thread>14</thread>
  <message>guessed a word and was wrong</message>
</record>
<record>
  <date>2016-12-22T05:17:20</date>
  <millis>1482401840537</millis>
  <sequence>92</sequence>
  <logger>wordgame.gui.WordGameGUI</logger>
  <level>INFO</level>
  <class>wordgame.gui.WordGameGUI</class>
  <method>buttonActionPerformed</method>
  <thread>14</thread>
  <message>guessed a word and was wrong</message>
</record>
<record>
  <date>2016-12-22T05:17:25</date>
  <millis>1482401845010</millis>
  <sequence>93</sequence>
  <logger>wordgame.gui.WordGameGUI</logger>
  <level>INFO</level>
  <class>wordgame.gui.WordGameGUI</class>
  <method>buttonActionPerformed</method>
  <thread>14</thread>
  <message>guessed a word and was wrong</message>
</record>
<record>
  <date>2016-12-22T05:17:30</date>
  <millis>1482401850272</millis>
  <sequence>94</sequence>
  <logger>wordgame.gui.WordGameGUI</logger>
  <level>INFO</level>
  <class>wordgame.gui.WordGameGUI</class>
  <method>buttonActionPerformed</method>
  <thread>14</thread>
  <message>guessed a word and was wrong</message>
</record>
<record>
  <date>2016-12-22T05:17:34</date>
  <millis>1482401854511</millis>
  <sequence>95</sequence>
  <logger>wordgame.gui.WordGameGUI</logger>
  <level>INFO</level>
  <class>wordgame.gui.WordGameGUI</class>
  <method>buttonActionPerformed</method>
  <thread>14</thread>
  <message>guessed a word and was wrong</message>
</record>
<record>
  <date>2016-12-22T05:17:37</date>
  <millis>1482401857728</millis>
  <sequence>96</sequence>
  <logger>wordgame.gui.WordGameGUI</logger>
  <level>INFO</level>
  <class>wordgame.gui.WordGameGUI</class>
  <method>buttonActionPerformed</method>
  <thread>14</thread>
  <message>guessed a word and was wrong</message>
</record>
<record>
  <date>2016-12-22T05:17:48</date>
  <millis>1482401868621</millis>
  <sequence>97</sequence>
  <logger>wordgame.gui.WordGameGUI</logger>
  <level>INFO</level>
  <class>wordgame.gui.WordGameGUI</class>
  <method>buttonActionPerformed</method>
  <thread>14</thread>
  <message>guessed a word and was wrong</message>
</record>
<record>
  <date>2016-12-22T05:17:51</date>
  <millis>1482401871448</millis>
  <sequence>98</sequence>
  <logger>wordgame.gui.WordGameGUI</logger>
  <level>INFO</level>
  <class>wordgame.gui.WordGameGUI</class>
  <method>buttonActionPerformed</method>
  <thread>14</thread>
  <message>guessed a word and was wrong</message>
</record>
<record>
  <date>2016-12-22T05:17:52</date>
  <millis>1482401872411</millis>
  <sequence>99</sequence>
  <logger>wordgame.gui.WordGameGUI</logger>
  <level>INFO</level>
  <class>wordgame.gui.WordGameGUI</class>
  <method>buttonActionPerformed</method>
  <thread>14</thread>
  <message>guessed a word and was wrong</message>
</record>
<record>
  <date>2016-12-22T05:17:53</date>
  <millis>1482401873283</millis>
  <sequence>100</sequence>
  <logger>wordgame.gui.WordGameGUI</logger>
  <level>INFO</level>
  <class>wordgame.gui.WordGameGUI</class>
  <method>skipButtonActionPerformed</method>
  <thread>14</thread>
  <message>marked a word in testing data as unsolvable and was right</message>
</record>
<record>
  <date>2016-12-22T05:17:53</date>
  <millis>1482401873284</millis>
  <sequence>101</sequence>
  <logger>wordgame.gui.WordGameGUI</logger>
  <level>INFO</level>
  <class>wordgame.gui.WordGameGUI</class>
  <method>skipButtonActionPerformed</method>
  <thread>14</thread>
  <message>new word from testing data</message>
</record>
<record>
  <date>2016-12-22T05:18:05</date>
  <millis>1482401885134</millis>
  <sequence>102</sequence>
  <logger>wordgame.gui.WordGameGUI</logger>
  <level>INFO</level>
  <class>wordgame.gui.WordGameGUI</class>
  <method>buttonActionPerformed</method>
  <thread>14</thread>
  <message>guessed a word and was wrong</message>
</record>
<record>
  <date>2016-12-22T05:18:09</date>
  <millis>1482401889789</millis>
  <sequence>103</sequence>
  <logger>wordgame.gui.WordGameGUI</logger>
  <level>INFO</level>
  <class>wordgame.gui.WordGameGUI</class>
  <method>buttonActionPerformed</method>
  <thread>14</thread>
  <message>guessed a word and was wrong</message>
</record>
<record>
  <date>2016-12-22T05:18:14</date>
  <millis>1482401894565</millis>
  <sequence>104</sequence>
  <logger>wordgame.gui.WordGameGUI</logger>
  <level>INFO</level>
  <class>wordgame.gui.WordGameGUI</class>
  <method>buttonActionPerformed</method>
  <thread>14</thread>
  <message>guessed a word and was right</message>
</record>
<record>
  <date>2016-12-22T05:18:15</date>
  <millis>1482401895465</millis>
  <sequence>105</sequence>
  <logger>wordgame.gui.WordGameGUI</logger>
  <level>INFO</level>
  <class>wordgame.gui.WordGameGUI</class>
  <method>skipButtonActionPerformed</method>
  <thread>14</thread>
  <message>new word from testing data</message>
</record>
<record>
  <date>2016-12-22T05:18:21</date>
  <millis>1482401901001</millis>
  <sequence>106</sequence>
  <logger>wordgame.gui.WordGameGUI</logger>
  <level>INFO</level>
  <class>wordgame.gui.WordGameGUI</class>
  <method>buttonActionPerformed</method>
  <thread>14</thread>
  <message>guessed a word and was right</message>
</record>
<record>
  <date>2016-12-22T05:18:21</date>
  <millis>1482401901708</millis>
  <sequence>107</sequence>
  <logger>wordgame.gui.WordGameGUI</logger>
  <level>INFO</level>
  <class>wordgame.gui.WordGameGUI</class>
  <method>skipButtonActionPerformed</method>
  <thread>14</thread>
  <message>new word from testing data</message>
</record>
<record>
  <date>2016-12-22T05:19:00</date>
  <millis>1482401940920</millis>
  <sequence>108</sequence>
  <logger>wordgame.gui.WordGameGUI</logger>
  <level>INFO</level>
  <class>wordgame.gui.WordGameGUI</class>
  <method>buttonActionPerformed</method>
  <thread>14</thread>
  <message>guessed a word and was wrong</message>
</record>
<record>
  <date>2016-12-22T05:19:04</date>
  <millis>1482401944420</millis>
  <sequence>109</sequence>
  <logger>wordgame.gui.WordGameGUI</logger>
  <level>INFO</level>
  <class>wordgame.gui.WordGameGUI</class>
  <method>buttonActionPerformed</method>
  <thread>14</thread>
  <message>guessed a word and was wrong</message>
</record>
<record>
  <date>2016-12-22T05:19:07</date>
  <millis>1482401947753</millis>
  <sequence>110</sequence>
  <logger>wordgame.gui.WordGameGUI</logger>
  <level>INFO</level>
  <class>wordgame.gui.WordGameGUI</class>
  <method>buttonActionPerformed</method>
  <thread>14</thread>
  <message>guessed a word and was wrong</message>
</record>
<record>
  <date>2016-12-22T05:20:28</date>
  <millis>1482402028842</millis>
  <sequence>111</sequence>
  <logger>wordgame.gui.WordGameGUI</logger>
  <level>INFO</level>
  <class>wordgame.gui.WordGameGUI</class>
  <method>buttonActionPerformed</method>
  <thread>14</thread>
  <message>guessed a word and was wrong</message>
</record>
<record>
  <date>2016-12-22T05:20:29</date>
  <millis>1482402029876</millis>
  <sequence>112</sequence>
  <logger>wordgame.gui.WordGameGUI</logger>
  <level>INFO</level>
  <class>wordgame.gui.WordGameGUI</class>
  <method>skipButtonActionPerformed</method>
  <thread>14</thread>
  <message>marked a word in testing data as unsolvable and was right</message>
</record>
<record>
  <date>2016-12-22T05:20:29</date>
  <millis>1482402029877</millis>
  <sequence>113</sequence>
  <logger>wordgame.gui.WordGameGUI</logger>
  <level>INFO</level>
  <class>wordgame.gui.WordGameGUI</class>
  <method>skipButtonActionPerformed</method>
  <thread>14</thread>
  <message>new word from testing data</message>
</record>
<record>
  <date>2016-12-22T05:20:45</date>
  <millis>1482402045804</millis>
  <sequence>114</sequence>
  <logger>wordgame.gui.WordGameGUI</logger>
  <level>INFO</level>
  <class>wordgame.gui.WordGameGUI</class>
  <method>buttonActionPerformed</method>
  <thread>14</thread>
  <message>guessed a word and was wrong</message>
</record>
<record>
  <date>2016-12-22T05:20:58</date>
  <millis>1482402058278</millis>
  <sequence>115</sequence>
  <logger>wordgame.gui.WordGameGUI</logger>
  <level>INFO</level>
  <class>wordgame.gui.WordGameGUI</class>
  <method>buttonActionPerformed</method>
  <thread>14</thread>
  <message>guessed a word and was wrong</message>
</record>
<record>
  <date>2016-12-22T05:21:09</date>
  <millis>1482402069682</millis>
  <sequence>116</sequence>
  <logger>wordgame.gui.WordGameGUI</logger>
  <level>INFO</level>
  <class>wordgame.gui.WordGameGUI</class>
  <method>buttonActionPerformed</method>
  <thread>14</thread>
  <message>guessed a word and was wrong</message>
</record>
<record>
  <date>2016-12-22T05:21:21</date>
  <millis>1482402081478</millis>
  <sequence>117</sequence>
  <logger>wordgame.gui.WordGameGUI</logger>
  <level>INFO</level>
  <class>wordgame.gui.WordGameGUI</class>
  <method>buttonActionPerformed</method>
  <thread>14</thread>
  <message>guessed a word and was wrong</message>
</record>
<record>
  <date>2016-12-22T05:21:43</date>
  <millis>1482402103321</millis>
  <sequence>118</sequence>
  <logger>wordgame.gui.WordGameGUI</logger>
  <level>INFO</level>
  <class>wordgame.gui.WordGameGUI</class>
  <method>buttonActionPerformed</method>
  <thread>14</thread>
  <message>guessed a word and was wrong</message>
</record>
<record>
  <date>2016-12-22T05:21:44</date>
  <millis>1482402104443</millis>
  <sequence>119</sequence>
  <logger>wordgame.gui.WordGameGUI</logger>
  <level>INFO</level>
  <class>wordgame.gui.WordGameGUI</class>
  <method>buttonActionPerformed</method>
  <thread>14</thread>
  <message>guessed a word and was wrong</message>
</record>
<record>
  <date>2016-12-22T05:21:45</date>
  <millis>1482402105976</millis>
  <sequence>120</sequence>
  <logger>wordgame.gui.WordGameGUI</logger>
  <level>INFO</level>
  <class>wordgame.gui.WordGameGUI</class>
  <method>buttonActionPerformed</method>
  <thread>14</thread>
  <message>guessed a word and was wrong</message>
</record>
<record>
  <date>2016-12-22T05:21:50</date>
  <millis>1482402110973</millis>
  <sequence>121</sequence>
  <logger>wordgame.gui.WordGameGUI</logger>
  <level>INFO</level>
  <class>wordgame.gui.WordGameGUI</class>
  <method>buttonActionPerformed</method>
  <thread>14</thread>
  <message>guessed a word and was right</message>
</record>
<record>
  <date>2016-12-22T05:21:52</date>
  <millis>1482402112775</millis>
  <sequence>122</sequence>
  <logger>wordgame.gui.WordGameGUI</logger>
  <level>INFO</level>
  <class>wordgame.gui.WordGameGUI</class>
  <method>startButtonActionPerformed</method>
  <thread>14</thread>
  <message>finished game</message>
</record>
</log>
